11/15/2022, 9:07:44 PM [[32minfo[39m]: Table Watcher has been started manually.
11/15/2022, 9:07:44 PM [[32minfo[39m]: Parsing page https://shgpi.edu.ru/struktura-universiteta/f11/raspisanie/raspisanie-uchebnykh-zanjatii-ochnaja-forma-obuchenija/
11/15/2022, 9:07:44 PM [[32minfo[39m]: Table Watcher cron has been started.
11/15/2022, 9:07:44 PM [[32minfo[39m]: Server has been started 🚀
11/15/2022, 9:07:44 PM [[31merror[39m]: DownloadingPageError: Error while downloading page.
DownloadingPageError: Error while downloading page.
    at getPage (file:///home/danluki/Projects/js/shgpu-table/apps/parser/dist/utils/getPage.js:9:15)
    at processTicksAndRejections (node:internal/process/task_queues:96:5)
    at async TablesWatcher.parsePages (file:///home/danluki/Projects/js/shgpu-table/apps/parser/dist/TablesWatcher.js:34:26)
2022-11-25 17:27:29 info: Table Watcher has been started manually.
2022-11-25 17:27:29 info: Parsing page https://shgpi.edu.ru/struktura-universiteta/f11/raspisanie/raspisanie-uchebnykh-zanjatii-ochnaja-forma-obuchenija/
2022-11-25 17:27:29 info: Table Watcher cron has been started.
2022-11-25 17:27:29 info: Server has been started 🚀
2022-11-25 17:27:30 info: Parsing page https://shgpi.edu.ru/struktura-universiteta/f12/raspisanie/raspisanie-ochnogo-otdelenija/
2022-11-25 17:27:31 info: Parsing of table 11/21_11_2022_27_11_2022.xls has been started.
2022-11-25 17:27:31 info: Parsing page https://shgpi.edu.ru/struktura-universiteta/f08/raspisanie/raspisanie-ochnogo-otdelenie-fpo/
2022-11-25 17:27:31 info: Parsing of table 12/28_11_2022_04_12_2022.xls has been started.
2022-11-25 17:27:32 info: Parsing page https://shgpi.edu.ru/struktura-universiteta/f03/raspisanie/raspisanie-ochnogo-otdelenija-ffk/
2022-11-25 17:27:32 info: Parsing page https://shgpi.edu.ru/struktura-universiteta/f15/raspisanie/ochnaja-forma-obuchenija/
2022-11-25 17:27:32 info: Parsing of table 8/28_11_2022_04_12_2022.xls has been started.
2022-11-25 17:27:33 info: Parsing of table 3/28_11_2022_04_12_2022.xls has been started.
2022-11-25 17:27:33 info: Parsing of table 15/28_11_2022_04_12_2022.xls has been started.
2022-11-25 17:27:36 info: Parsing of table 3/28_11_2022_04_12_2022.xls has been finished.
2022-11-25 17:27:37 info: Parsing of table 15/28_11_2022_04_12_2022.xls has been finished.
2022-11-25 17:27:46 info: Parsing of table 8/28_11_2022_04_12_2022.xls has been finished.
2022-11-25 17:27:46 info: Parsing of table 12/28_11_2022_04_12_2022.xls has been finished.
2022-11-25 17:27:55 info: Parsing of table 11/21_11_2022_27_11_2022.xls has been finished.
