2022-11-17 18:28:54 info: Table Watcher has been started manually.
2022-11-17 18:28:54 info: Parsing page https://shgpi.edu.ru/struktura-universiteta/f11/raspisanie/raspisanie-uchebnykh-zanjatii-ochnaja-forma-obuchenija/
2022-11-17 18:28:54 info: Table Watcher cron has been started.
2022-11-17 18:28:54 info: Server has been started 🚀
2022-11-17 18:28:56 info: Parsing page https://shgpi.edu.ru/struktura-universiteta/f12/raspisanie/raspisanie-ochnogo-otdelenija/
2022-11-17 18:28:56 info: Parsing of table 11/14_11_2022_20_11_2022.xls has been started.
2022-11-17 18:28:57 info: Parsing page https://shgpi.edu.ru/struktura-universiteta/f08/raspisanie/raspisanie-ochnogo-otdelenie-fpo/
2022-11-17 18:28:57 info: Parsing of table 12/21_11_2022_27_11_2022.xls has been started.
2022-11-17 18:28:58 info: Parsing page https://shgpi.edu.ru/struktura-universiteta/f03/raspisanie/raspisanie-ochnogo-otdelenija-ffk/
2022-11-17 18:28:58 info: Parsing of table 8/21_11_2022_27_11_2022.xls has been started.
2022-11-17 18:28:58 info: Parsing page https://shgpi.edu.ru/struktura-universiteta/f15/raspisanie/ochnaja-forma-obuchenija/
2022-11-17 18:28:58 info: Parsing of table 3/21_11_2022_27_11_2022.xls has been started.
2022-11-17 18:28:58 info: Parsing of table 15/14_11_2022_20_11_2022.xls has been started.
2022-11-17 18:29:00 info: Parsing page https://shgpi.edu.ru/struktura-universiteta/f11/raspisanie/raspisanie-uchebnykh-zanjatii-ochnaja-forma-obuchenija/
2022-11-17 18:29:02 info: Parsing page https://shgpi.edu.ru/struktura-universiteta/f12/raspisanie/raspisanie-ochnogo-otdelenija/
2022-11-17 18:29:03 info: Parsing of table 11/14_11_2022_20_11_2022.xls has been started.
2022-11-17 18:29:03 info: Parsing page https://shgpi.edu.ru/struktura-universiteta/f08/raspisanie/raspisanie-ochnogo-otdelenie-fpo/
2022-11-17 18:29:03 info: Parsing of table 12/21_11_2022_27_11_2022.xls has been started.
2022-11-17 18:29:04 info: Parsing page https://shgpi.edu.ru/struktura-universiteta/f03/raspisanie/raspisanie-ochnogo-otdelenija-ffk/
2022-11-17 18:29:04 info: Parsing of table 8/21_11_2022_27_11_2022.xls has been started.
2022-11-17 18:29:04 info: Parsing page https://shgpi.edu.ru/struktura-universiteta/f15/raspisanie/ochnaja-forma-obuchenija/
2022-11-17 18:29:05 info: Parsing of table 3/21_11_2022_27_11_2022.xls has been started.
2022-11-17 18:29:05 info: Parsing of table 15/14_11_2022_20_11_2022.xls has been started.
2022-11-17 18:31:26 info: Table Watcher has been started manually.
2022-11-17 18:31:26 info: Parsing page https://shgpi.edu.ru/struktura-universiteta/f11/raspisanie/raspisanie-uchebnykh-zanjatii-ochnaja-forma-obuchenija/
2022-11-17 18:31:26 info: Table Watcher cron has been started.
2022-11-17 18:31:26 info: Server has been started 🚀
2022-11-17 18:31:27 info: Parsing page https://shgpi.edu.ru/struktura-universiteta/f12/raspisanie/raspisanie-ochnogo-otdelenija/
2022-11-17 18:31:27 info: Parsing of table 11/14_11_2022_20_11_2022.xls has been started.
2022-11-17 18:31:28 info: Parsing page https://shgpi.edu.ru/struktura-universiteta/f08/raspisanie/raspisanie-ochnogo-otdelenie-fpo/
2022-11-17 18:31:28 info: Parsing of table 12/21_11_2022_27_11_2022.xls has been started.
2022-11-17 18:31:29 info: Parsing page https://shgpi.edu.ru/struktura-universiteta/f03/raspisanie/raspisanie-ochnogo-otdelenija-ffk/
2022-11-17 18:31:29 info: Parsing of table 8/21_11_2022_27_11_2022.xls has been started.
2022-11-17 18:31:29 info: Parsing page https://shgpi.edu.ru/struktura-universiteta/f15/raspisanie/ochnaja-forma-obuchenija/
2022-11-17 18:31:29 info: Parsing of table 3/21_11_2022_27_11_2022.xls has been started.
2022-11-17 18:31:30 info: Parsing of table 15/14_11_2022_20_11_2022.xls has been started.
2022-11-17 18:33:44 info: Table Watcher has been started manually.
2022-11-17 18:33:44 info: Parsing page https://shgpi.edu.ru/struktura-universiteta/f11/raspisanie/raspisanie-uchebnykh-zanjatii-ochnaja-forma-obuchenija/
2022-11-17 18:33:44 info: Table Watcher cron has been started.
2022-11-17 18:33:44 info: Server has been started 🚀
2022-11-17 18:33:45 info: Parsing page https://shgpi.edu.ru/struktura-universiteta/f12/raspisanie/raspisanie-ochnogo-otdelenija/
2022-11-17 18:33:46 info: Parsing of table 11/14_11_2022_20_11_2022.xls has been started.
2022-11-17 18:33:46 info: Parsing page https://shgpi.edu.ru/struktura-universiteta/f08/raspisanie/raspisanie-ochnogo-otdelenie-fpo/
2022-11-17 18:33:46 info: Parsing of table 12/21_11_2022_27_11_2022.xls has been started.
2022-11-17 18:33:47 info: Parsing page https://shgpi.edu.ru/struktura-universiteta/f03/raspisanie/raspisanie-ochnogo-otdelenija-ffk/
2022-11-17 18:33:47 info: Parsing of table 8/21_11_2022_27_11_2022.xls has been started.
2022-11-17 18:33:47 info: Parsing page https://shgpi.edu.ru/struktura-universiteta/f15/raspisanie/ochnaja-forma-obuchenija/
2022-11-17 18:33:47 info: Parsing of table 3/21_11_2022_27_11_2022.xls has been started.
2022-11-17 18:33:48 info: Parsing of table 15/14_11_2022_20_11_2022.xls has been started.
2022-11-17 18:34:40 info: Table Watcher has been started manually.
2022-11-17 18:34:40 info: Parsing page https://shgpi.edu.ru/struktura-universiteta/f11/raspisanie/raspisanie-uchebnykh-zanjatii-ochnaja-forma-obuchenija/
2022-11-17 18:34:40 info: Table Watcher cron has been started.
2022-11-17 18:34:40 info: Server has been started 🚀
2022-11-17 18:34:41 info: Parsing page https://shgpi.edu.ru/struktura-universiteta/f12/raspisanie/raspisanie-ochnogo-otdelenija/
2022-11-17 18:34:41 info: Parsing of table 11/14_11_2022_20_11_2022.xls has been started.
2022-11-17 18:34:42 info: Parsing page https://shgpi.edu.ru/struktura-universiteta/f08/raspisanie/raspisanie-ochnogo-otdelenie-fpo/
2022-11-17 18:34:42 info: Parsing of table 12/21_11_2022_27_11_2022.xls has been started.
2022-11-17 18:34:43 info: Parsing page https://shgpi.edu.ru/struktura-universiteta/f03/raspisanie/raspisanie-ochnogo-otdelenija-ffk/
2022-11-17 18:34:43 info: Parsing of table 8/21_11_2022_27_11_2022.xls has been started.
2022-11-17 18:34:43 info: Parsing page https://shgpi.edu.ru/struktura-universiteta/f15/raspisanie/ochnaja-forma-obuchenija/
2022-11-17 18:34:43 info: Parsing of table 3/21_11_2022_27_11_2022.xls has been started.
2022-11-17 18:34:43 info: Parsing of table 15/14_11_2022_20_11_2022.xls has been started.
2022-11-17 18:36:41 info: Table Watcher has been started manually.
2022-11-17 18:36:41 info: Parsing page https://shgpi.edu.ru/struktura-universiteta/f11/raspisanie/raspisanie-uchebnykh-zanjatii-ochnaja-forma-obuchenija/
2022-11-17 18:36:41 info: Table Watcher cron has been started.
2022-11-17 18:36:41 info: Server has been started 🚀
2022-11-17 18:36:42 info: Parsing page https://shgpi.edu.ru/struktura-universiteta/f12/raspisanie/raspisanie-ochnogo-otdelenija/
2022-11-17 18:36:43 info: Parsing of table 11/14_11_2022_20_11_2022.xls has been started.
2022-11-17 18:36:43 info: Parsing page https://shgpi.edu.ru/struktura-universiteta/f08/raspisanie/raspisanie-ochnogo-otdelenie-fpo/
2022-11-17 18:36:43 info: Parsing of table 12/21_11_2022_27_11_2022.xls has been started.
2022-11-17 18:36:44 info: Parsing page https://shgpi.edu.ru/struktura-universiteta/f03/raspisanie/raspisanie-ochnogo-otdelenija-ffk/
2022-11-17 18:36:44 info: Parsing of table 8/21_11_2022_27_11_2022.xls has been started.
2022-11-17 18:36:44 info: Parsing page https://shgpi.edu.ru/struktura-universiteta/f15/raspisanie/ochnaja-forma-obuchenija/
2022-11-17 18:36:44 info: Parsing of table 3/21_11_2022_27_11_2022.xls has been started.
2022-11-17 18:36:45 info: Parsing of table 15/14_11_2022_20_11_2022.xls has been started.
2022-11-17 18:37:00 info: Parsing page https://shgpi.edu.ru/struktura-universiteta/f11/raspisanie/raspisanie-uchebnykh-zanjatii-ochnaja-forma-obuchenija/
2022-11-17 18:37:01 info: Parsing page https://shgpi.edu.ru/struktura-universiteta/f12/raspisanie/raspisanie-ochnogo-otdelenija/
2022-11-17 18:37:02 info: Parsing of table 11/14_11_2022_20_11_2022.xls has been started.
2022-11-17 18:37:02 info: Parsing page https://shgpi.edu.ru/struktura-universiteta/f08/raspisanie/raspisanie-ochnogo-otdelenie-fpo/
2022-11-17 18:37:02 info: Parsing of table 12/21_11_2022_27_11_2022.xls has been started.
2022-11-17 18:37:03 info: Parsing page https://shgpi.edu.ru/struktura-universiteta/f03/raspisanie/raspisanie-ochnogo-otdelenija-ffk/
2022-11-17 18:37:03 info: Parsing of table 8/21_11_2022_27_11_2022.xls has been started.
2022-11-17 18:37:03 info: Parsing page https://shgpi.edu.ru/struktura-universiteta/f15/raspisanie/ochnaja-forma-obuchenija/
2022-11-17 18:37:04 info: Parsing of table 3/21_11_2022_27_11_2022.xls has been started.
2022-11-17 18:37:04 info: Parsing of table 15/14_11_2022_20_11_2022.xls has been started.
2022-11-17 18:37:38 info: Table Watcher has been started manually.
2022-11-17 18:37:38 info: Parsing page https://shgpi.edu.ru/struktura-universiteta/f11/raspisanie/raspisanie-uchebnykh-zanjatii-ochnaja-forma-obuchenija/
2022-11-17 18:37:38 info: Table Watcher cron has been started.
2022-11-17 18:37:38 info: Server has been started 🚀
2022-11-17 18:37:39 info: Parsing page https://shgpi.edu.ru/struktura-universiteta/f12/raspisanie/raspisanie-ochnogo-otdelenija/
2022-11-17 18:37:40 info: Parsing of table 11/14_11_2022_20_11_2022.xls has been started.
2022-11-17 18:37:40 info: Parsing page https://shgpi.edu.ru/struktura-universiteta/f08/raspisanie/raspisanie-ochnogo-otdelenie-fpo/
2022-11-17 18:37:40 info: Parsing of table 12/21_11_2022_27_11_2022.xls has been started.
2022-11-17 18:37:41 info: Parsing page https://shgpi.edu.ru/struktura-universiteta/f03/raspisanie/raspisanie-ochnogo-otdelenija-ffk/
2022-11-17 18:37:41 info: Parsing of table 8/21_11_2022_27_11_2022.xls has been started.
2022-11-17 18:37:41 info: Parsing page https://shgpi.edu.ru/struktura-universiteta/f15/raspisanie/ochnaja-forma-obuchenija/
2022-11-17 18:37:42 info: Parsing of table 3/21_11_2022_27_11_2022.xls has been started.
2022-11-17 18:37:42 info: Parsing of table 15/14_11_2022_20_11_2022.xls has been started.
2022-11-17 18:38:48 info: Table Watcher has been started manually.
2022-11-17 18:38:48 info: Parsing page https://shgpi.edu.ru/struktura-universiteta/f11/raspisanie/raspisanie-uchebnykh-zanjatii-ochnaja-forma-obuchenija/
2022-11-17 18:38:48 info: Table Watcher cron has been started.
2022-11-17 18:38:48 info: Server has been started 🚀
2022-11-17 18:38:50 info: Parsing page https://shgpi.edu.ru/struktura-universiteta/f12/raspisanie/raspisanie-ochnogo-otdelenija/
2022-11-17 18:38:50 info: Parsing of table 11/14_11_2022_20_11_2022.xls has been started.
2022-11-17 18:38:51 info: Parsing page https://shgpi.edu.ru/struktura-universiteta/f08/raspisanie/raspisanie-ochnogo-otdelenie-fpo/
2022-11-17 18:38:51 info: Parsing of table 12/21_11_2022_27_11_2022.xls has been started.
2022-11-17 18:38:51 info: Parsing page https://shgpi.edu.ru/struktura-universiteta/f03/raspisanie/raspisanie-ochnogo-otdelenija-ffk/
2022-11-17 18:38:52 info: Parsing of table 8/21_11_2022_27_11_2022.xls has been started.
2022-11-17 18:38:52 info: Parsing page https://shgpi.edu.ru/struktura-universiteta/f15/raspisanie/ochnaja-forma-obuchenija/
2022-11-17 18:38:52 info: Parsing of table 3/21_11_2022_27_11_2022.xls has been started.
2022-11-17 18:38:52 info: Parsing of table 15/14_11_2022_20_11_2022.xls has been started.
2022-11-17 18:39:00 info: Parsing page https://shgpi.edu.ru/struktura-universiteta/f11/raspisanie/raspisanie-uchebnykh-zanjatii-ochnaja-forma-obuchenija/
2022-11-17 18:39:01 info: Parsing page https://shgpi.edu.ru/struktura-universiteta/f12/raspisanie/raspisanie-ochnogo-otdelenija/
2022-11-17 18:39:01 info: Parsing of table 11/14_11_2022_20_11_2022.xls has been started.
2022-11-17 18:39:02 info: Parsing page https://shgpi.edu.ru/struktura-universiteta/f08/raspisanie/raspisanie-ochnogo-otdelenie-fpo/
2022-11-17 18:39:02 info: Parsing of table 12/21_11_2022_27_11_2022.xls has been started.
2022-11-17 18:39:02 info: Parsing page https://shgpi.edu.ru/struktura-universiteta/f03/raspisanie/raspisanie-ochnogo-otdelenija-ffk/
2022-11-17 18:39:03 info: Parsing of table 8/21_11_2022_27_11_2022.xls has been started.
2022-11-17 18:39:03 info: Parsing page https://shgpi.edu.ru/struktura-universiteta/f15/raspisanie/ochnaja-forma-obuchenija/
2022-11-17 18:39:03 info: Parsing of table 3/21_11_2022_27_11_2022.xls has been started.
2022-11-17 18:39:03 info: Parsing of table 15/14_11_2022_20_11_2022.xls has been started.
2022-11-17 18:39:45 info: Table Watcher has been started manually.
2022-11-17 18:39:45 info: Parsing page https://shgpi.edu.ru/struktura-universiteta/f11/raspisanie/raspisanie-uchebnykh-zanjatii-ochnaja-forma-obuchenija/
2022-11-17 18:39:45 info: Table Watcher cron has been started.
2022-11-17 18:39:45 info: Server has been started 🚀
2022-11-17 18:39:46 info: Parsing page https://shgpi.edu.ru/struktura-universiteta/f12/raspisanie/raspisanie-ochnogo-otdelenija/
2022-11-17 18:39:46 info: Parsing of table 11/14_11_2022_20_11_2022.xls has been started.
2022-11-17 18:39:47 info: Parsing page https://shgpi.edu.ru/struktura-universiteta/f08/raspisanie/raspisanie-ochnogo-otdelenie-fpo/
2022-11-17 18:39:47 info: Parsing of table 12/21_11_2022_27_11_2022.xls has been started.
2022-11-17 18:39:48 info: Parsing page https://shgpi.edu.ru/struktura-universiteta/f03/raspisanie/raspisanie-ochnogo-otdelenija-ffk/
2022-11-17 18:39:48 info: Parsing of table 8/21_11_2022_27_11_2022.xls has been started.
2022-11-17 18:39:48 info: Parsing page https://shgpi.edu.ru/struktura-universiteta/f15/raspisanie/ochnaja-forma-obuchenija/
2022-11-17 18:39:48 info: Parsing of table 3/21_11_2022_27_11_2022.xls has been started.
2022-11-17 18:39:48 info: Parsing of table 15/14_11_2022_20_11_2022.xls has been started.
2022-11-17 18:40:00 info: Parsing page https://shgpi.edu.ru/struktura-universiteta/f11/raspisanie/raspisanie-uchebnykh-zanjatii-ochnaja-forma-obuchenija/
2022-11-17 18:40:01 info: Parsing page https://shgpi.edu.ru/struktura-universiteta/f12/raspisanie/raspisanie-ochnogo-otdelenija/
2022-11-17 18:40:01 info: Parsing of table 11/14_11_2022_20_11_2022.xls has been started.
2022-11-17 18:40:02 info: Parsing page https://shgpi.edu.ru/struktura-universiteta/f08/raspisanie/raspisanie-ochnogo-otdelenie-fpo/
2022-11-17 18:40:03 info: Parsing of table 12/21_11_2022_27_11_2022.xls has been started.
2022-11-17 18:40:04 info: Parsing page https://shgpi.edu.ru/struktura-universiteta/f03/raspisanie/raspisanie-ochnogo-otdelenija-ffk/
2022-11-17 18:40:04 info: Parsing of table 8/21_11_2022_27_11_2022.xls has been started.
2022-11-17 18:40:04 info: Parsing page https://shgpi.edu.ru/struktura-universiteta/f15/raspisanie/ochnaja-forma-obuchenija/
2022-11-17 18:40:04 info: Parsing of table 3/21_11_2022_27_11_2022.xls has been started.
2022-11-17 18:40:04 info: Parsing of table 15/14_11_2022_20_11_2022.xls has been started.
2022-11-17 18:40:25 info: Table Watcher has been started manually.
2022-11-17 18:40:25 info: Parsing page https://shgpi.edu.ru/struktura-universiteta/f11/raspisanie/raspisanie-uchebnykh-zanjatii-ochnaja-forma-obuchenija/
2022-11-17 18:40:25 info: Table Watcher cron has been started.
2022-11-17 18:40:25 info: Server has been started 🚀
2022-11-17 18:40:26 info: Parsing page https://shgpi.edu.ru/struktura-universiteta/f12/raspisanie/raspisanie-ochnogo-otdelenija/
2022-11-17 18:40:27 info: Parsing of table 11/14_11_2022_20_11_2022.xls has been started.
2022-11-17 18:40:27 info: Parsing page https://shgpi.edu.ru/struktura-universiteta/f08/raspisanie/raspisanie-ochnogo-otdelenie-fpo/
2022-11-17 18:40:27 info: Parsing of table 12/21_11_2022_27_11_2022.xls has been started.
2022-11-17 18:40:28 info: Parsing page https://shgpi.edu.ru/struktura-universiteta/f03/raspisanie/raspisanie-ochnogo-otdelenija-ffk/
2022-11-17 18:40:28 info: Parsing of table 8/21_11_2022_27_11_2022.xls has been started.
2022-11-17 18:40:28 info: Parsing page https://shgpi.edu.ru/struktura-universiteta/f15/raspisanie/ochnaja-forma-obuchenija/
2022-11-17 18:40:29 info: Parsing of table 3/21_11_2022_27_11_2022.xls has been started.
2022-11-17 18:40:29 info: Parsing of table 15/14_11_2022_20_11_2022.xls has been started.
2022-11-17 18:40:55 info: Table Watcher has been started manually.
2022-11-17 18:40:55 info: Parsing page https://shgpi.edu.ru/struktura-universiteta/f11/raspisanie/raspisanie-uchebnykh-zanjatii-ochnaja-forma-obuchenija/
2022-11-17 18:40:56 info: Table Watcher cron has been started.
2022-11-17 18:40:56 info: Server has been started 🚀
2022-11-17 18:40:57 info: Parsing page https://shgpi.edu.ru/struktura-universiteta/f12/raspisanie/raspisanie-ochnogo-otdelenija/
2022-11-17 18:40:57 info: Parsing of table 11/14_11_2022_20_11_2022.xls has been started.
2022-11-17 18:40:58 info: Parsing page https://shgpi.edu.ru/struktura-universiteta/f08/raspisanie/raspisanie-ochnogo-otdelenie-fpo/
2022-11-17 18:40:58 info: Parsing of table 12/21_11_2022_27_11_2022.xls has been started.
2022-11-17 18:40:59 info: Parsing page https://shgpi.edu.ru/struktura-universiteta/f03/raspisanie/raspisanie-ochnogo-otdelenija-ffk/
2022-11-17 18:40:59 info: Parsing of table 8/21_11_2022_27_11_2022.xls has been started.
2022-11-17 18:40:59 info: Parsing page https://shgpi.edu.ru/struktura-universiteta/f15/raspisanie/ochnaja-forma-obuchenija/
2022-11-17 18:40:59 info: Parsing of table 3/21_11_2022_27_11_2022.xls has been started.
2022-11-17 18:40:59 info: Parsing of table 15/14_11_2022_20_11_2022.xls has been started.
2022-11-17 18:41:00 info: Parsing page https://shgpi.edu.ru/struktura-universiteta/f11/raspisanie/raspisanie-uchebnykh-zanjatii-ochnaja-forma-obuchenija/
2022-11-17 18:41:01 info: Parsing page https://shgpi.edu.ru/struktura-universiteta/f12/raspisanie/raspisanie-ochnogo-otdelenija/
2022-11-17 18:41:01 info: Parsing of table 11/14_11_2022_20_11_2022.xls has been started.
2022-11-17 18:41:02 info: Parsing page https://shgpi.edu.ru/struktura-universiteta/f08/raspisanie/raspisanie-ochnogo-otdelenie-fpo/
2022-11-17 18:41:02 info: Parsing of table 12/21_11_2022_27_11_2022.xls has been started.
2022-11-17 18:41:02 info: Parsing page https://shgpi.edu.ru/struktura-universiteta/f03/raspisanie/raspisanie-ochnogo-otdelenija-ffk/
2022-11-17 18:41:03 info: Parsing of table 8/21_11_2022_27_11_2022.xls has been started.
2022-11-17 18:41:03 info: Parsing page https://shgpi.edu.ru/struktura-universiteta/f15/raspisanie/ochnaja-forma-obuchenija/
2022-11-17 18:41:03 info: Parsing of table 3/21_11_2022_27_11_2022.xls has been started.
2022-11-17 18:41:03 info: Parsing of table 15/14_11_2022_20_11_2022.xls has been started.
2022-11-17 18:41:17 info: Table Watcher has been started manually.
2022-11-17 18:41:17 info: Parsing page https://shgpi.edu.ru/struktura-universiteta/f11/raspisanie/raspisanie-uchebnykh-zanjatii-ochnaja-forma-obuchenija/
2022-11-17 18:41:18 info: Table Watcher cron has been started.
2022-11-17 18:41:18 info: Server has been started 🚀
2022-11-17 18:41:19 info: Parsing page https://shgpi.edu.ru/struktura-universiteta/f12/raspisanie/raspisanie-ochnogo-otdelenija/
2022-11-17 18:41:19 info: Parsing of table 11/14_11_2022_20_11_2022.xls has been started.
2022-11-17 18:41:20 info: Parsing page https://shgpi.edu.ru/struktura-universiteta/f08/raspisanie/raspisanie-ochnogo-otdelenie-fpo/
2022-11-17 18:41:20 info: Parsing of table 12/21_11_2022_27_11_2022.xls has been started.
2022-11-17 18:41:21 info: Parsing page https://shgpi.edu.ru/struktura-universiteta/f03/raspisanie/raspisanie-ochnogo-otdelenija-ffk/
2022-11-17 18:41:21 info: Parsing of table 8/21_11_2022_27_11_2022.xls has been started.
2022-11-17 18:41:21 info: Parsing page https://shgpi.edu.ru/struktura-universiteta/f15/raspisanie/ochnaja-forma-obuchenija/
2022-11-17 18:41:21 info: Parsing of table 3/21_11_2022_27_11_2022.xls has been started.
2022-11-17 18:41:21 info: Parsing of table 15/14_11_2022_20_11_2022.xls has been started.
2022-11-17 18:41:36 info: Table Watcher has been started manually.
2022-11-17 18:41:36 info: Parsing page https://shgpi.edu.ru/struktura-universiteta/f11/raspisanie/raspisanie-uchebnykh-zanjatii-ochnaja-forma-obuchenija/
2022-11-17 18:41:36 info: Table Watcher cron has been started.
2022-11-17 18:41:36 info: Server has been started 🚀
2022-11-17 18:41:37 info: Parsing page https://shgpi.edu.ru/struktura-universiteta/f12/raspisanie/raspisanie-ochnogo-otdelenija/
2022-11-17 18:41:37 info: Parsing of table 11/14_11_2022_20_11_2022.xls has been started.
2022-11-17 18:41:38 info: Parsing page https://shgpi.edu.ru/struktura-universiteta/f08/raspisanie/raspisanie-ochnogo-otdelenie-fpo/
2022-11-17 18:41:38 info: Parsing of table 12/21_11_2022_27_11_2022.xls has been started.
2022-11-17 18:41:39 info: Parsing page https://shgpi.edu.ru/struktura-universiteta/f03/raspisanie/raspisanie-ochnogo-otdelenija-ffk/
2022-11-17 18:41:39 info: Parsing of table 8/21_11_2022_27_11_2022.xls has been started.
2022-11-17 18:41:39 info: Parsing page https://shgpi.edu.ru/struktura-universiteta/f15/raspisanie/ochnaja-forma-obuchenija/
2022-11-17 18:41:39 info: Parsing of table 3/21_11_2022_27_11_2022.xls has been started.
2022-11-17 18:41:39 info: Parsing of table 15/14_11_2022_20_11_2022.xls has been started.
2022-11-17 18:41:59 info: Table Watcher has been started manually.
2022-11-17 18:41:59 info: Parsing page https://shgpi.edu.ru/struktura-universiteta/f11/raspisanie/raspisanie-uchebnykh-zanjatii-ochnaja-forma-obuchenija/
2022-11-17 18:41:59 info: Table Watcher cron has been started.
2022-11-17 18:41:59 info: Server has been started 🚀
2022-11-17 18:42:00 info: Parsing page https://shgpi.edu.ru/struktura-universiteta/f12/raspisanie/raspisanie-ochnogo-otdelenija/
2022-11-17 18:42:00 info: Parsing page https://shgpi.edu.ru/struktura-universiteta/f11/raspisanie/raspisanie-uchebnykh-zanjatii-ochnaja-forma-obuchenija/
2022-11-17 18:42:01 info: Parsing of table 11/14_11_2022_20_11_2022.xls has been started.
2022-11-17 18:42:02 info: Parsing page https://shgpi.edu.ru/struktura-universiteta/f12/raspisanie/raspisanie-ochnogo-otdelenija/
2022-11-17 18:42:02 info: Parsing page https://shgpi.edu.ru/struktura-universiteta/f08/raspisanie/raspisanie-ochnogo-otdelenie-fpo/
2022-11-17 18:42:02 info: Parsing of table 12/21_11_2022_27_11_2022.xls has been started.
2022-11-17 18:42:02 info: Parsing of table 11/14_11_2022_20_11_2022.xls has been started.
2022-11-17 18:42:03 info: Parsing page https://shgpi.edu.ru/struktura-universiteta/f08/raspisanie/raspisanie-ochnogo-otdelenie-fpo/
2022-11-17 18:42:03 info: Parsing page https://shgpi.edu.ru/struktura-universiteta/f03/raspisanie/raspisanie-ochnogo-otdelenija-ffk/
2022-11-17 18:42:03 info: Parsing of table 12/21_11_2022_27_11_2022.xls has been started.
2022-11-17 18:42:03 info: Parsing of table 8/21_11_2022_27_11_2022.xls has been started.
2022-11-17 18:42:03 info: Parsing page https://shgpi.edu.ru/struktura-universiteta/f15/raspisanie/ochnaja-forma-obuchenija/
2022-11-17 18:42:04 info: Parsing of table 3/21_11_2022_27_11_2022.xls has been started.
2022-11-17 18:42:04 info: Parsing of table 15/14_11_2022_20_11_2022.xls has been started.
2022-11-17 18:42:04 info: Parsing page https://shgpi.edu.ru/struktura-universiteta/f03/raspisanie/raspisanie-ochnogo-otdelenija-ffk/
2022-11-17 18:42:04 info: Parsing of table 8/21_11_2022_27_11_2022.xls has been started.
2022-11-17 18:42:04 info: Parsing page https://shgpi.edu.ru/struktura-universiteta/f15/raspisanie/ochnaja-forma-obuchenija/
2022-11-17 18:42:04 info: Parsing of table 3/21_11_2022_27_11_2022.xls has been started.
2022-11-17 18:42:05 info: Parsing of table 15/14_11_2022_20_11_2022.xls has been started.
2022-11-17 18:43:30 info: Table Watcher has been started manually.
2022-11-17 18:43:30 info: Parsing page https://shgpi.edu.ru/struktura-universiteta/f11/raspisanie/raspisanie-uchebnykh-zanjatii-ochnaja-forma-obuchenija/
2022-11-17 18:43:30 info: Table Watcher cron has been started.
2022-11-17 18:43:30 info: Server has been started 🚀
2022-11-17 18:43:32 info: Parsing page https://shgpi.edu.ru/struktura-universiteta/f12/raspisanie/raspisanie-ochnogo-otdelenija/
2022-11-17 18:43:32 info: Parsing of table 11/14_11_2022_20_11_2022.xls has been started.
2022-11-17 18:43:33 info: Parsing page https://shgpi.edu.ru/struktura-universiteta/f08/raspisanie/raspisanie-ochnogo-otdelenie-fpo/
2022-11-17 18:43:33 info: Parsing of table 12/21_11_2022_27_11_2022.xls has been started.
2022-11-17 18:43:33 info: Parsing page https://shgpi.edu.ru/struktura-universiteta/f03/raspisanie/raspisanie-ochnogo-otdelenija-ffk/
2022-11-17 18:43:34 info: Parsing of table 8/21_11_2022_27_11_2022.xls has been started.
2022-11-17 18:43:34 info: Parsing page https://shgpi.edu.ru/struktura-universiteta/f15/raspisanie/ochnaja-forma-obuchenija/
2022-11-17 18:43:34 info: Parsing of table 15/14_11_2022_20_11_2022.xls has been started.
2022-11-17 18:43:35 info: Parsing of table 3/21_11_2022_27_11_2022.xls has been started.
2022-11-17 18:44:00 info: Parsing page https://shgpi.edu.ru/struktura-universiteta/f11/raspisanie/raspisanie-uchebnykh-zanjatii-ochnaja-forma-obuchenija/
2022-11-17 18:44:01 info: Parsing page https://shgpi.edu.ru/struktura-universiteta/f12/raspisanie/raspisanie-ochnogo-otdelenija/
2022-11-17 18:44:01 info: Parsing of table 11/14_11_2022_20_11_2022.xls has been started.
2022-11-17 18:44:02 info: Parsing page https://shgpi.edu.ru/struktura-universiteta/f08/raspisanie/raspisanie-ochnogo-otdelenie-fpo/
2022-11-17 18:44:02 info: Parsing of table 12/21_11_2022_27_11_2022.xls has been started.
2022-11-17 18:44:03 info: Parsing page https://shgpi.edu.ru/struktura-universiteta/f03/raspisanie/raspisanie-ochnogo-otdelenija-ffk/
2022-11-17 18:44:03 info: Parsing of table 8/21_11_2022_27_11_2022.xls has been started.
2022-11-17 18:44:03 info: Parsing page https://shgpi.edu.ru/struktura-universiteta/f15/raspisanie/ochnaja-forma-obuchenija/
2022-11-17 18:44:03 info: Parsing of table 3/21_11_2022_27_11_2022.xls has been started.
2022-11-17 18:44:03 info: Parsing of table 15/14_11_2022_20_11_2022.xls has been started.
2022-11-17 18:44:57 info: Table Watcher has been started manually.
2022-11-17 18:44:57 info: Parsing page https://shgpi.edu.ru/struktura-universiteta/f11/raspisanie/raspisanie-uchebnykh-zanjatii-ochnaja-forma-obuchenija/
2022-11-17 18:44:57 info: Table Watcher cron has been started.
2022-11-17 18:44:57 info: Server has been started 🚀
2022-11-17 18:44:58 info: Parsing page https://shgpi.edu.ru/struktura-universiteta/f12/raspisanie/raspisanie-ochnogo-otdelenija/
2022-11-17 18:44:59 info: Parsing of table 11/14_11_2022_20_11_2022.xls has been started.
2022-11-17 18:44:59 info: Parsing page https://shgpi.edu.ru/struktura-universiteta/f08/raspisanie/raspisanie-ochnogo-otdelenie-fpo/
2022-11-17 18:45:00 info: Parsing of table 12/21_11_2022_27_11_2022.xls has been started.
2022-11-17 18:45:00 info: Parsing page https://shgpi.edu.ru/struktura-universiteta/f11/raspisanie/raspisanie-uchebnykh-zanjatii-ochnaja-forma-obuchenija/
2022-11-17 18:45:01 info: Parsing page https://shgpi.edu.ru/struktura-universiteta/f03/raspisanie/raspisanie-ochnogo-otdelenija-ffk/
2022-11-17 18:45:01 info: Parsing of table 8/21_11_2022_27_11_2022.xls has been started.
2022-11-17 18:45:01 info: Parsing page https://shgpi.edu.ru/struktura-universiteta/f15/raspisanie/ochnaja-forma-obuchenija/
2022-11-17 18:45:01 info: Parsing of table 3/21_11_2022_27_11_2022.xls has been started.
2022-11-17 18:45:01 info: Parsing of table 15/14_11_2022_20_11_2022.xls has been started.
2022-11-17 18:45:02 info: Parsing page https://shgpi.edu.ru/struktura-universiteta/f12/raspisanie/raspisanie-ochnogo-otdelenija/
2022-11-17 18:45:02 info: Parsing of table 11/14_11_2022_20_11_2022.xls has been started.
2022-11-17 18:45:03 info: Parsing page https://shgpi.edu.ru/struktura-universiteta/f08/raspisanie/raspisanie-ochnogo-otdelenie-fpo/
2022-11-17 18:45:03 info: Parsing of table 12/21_11_2022_27_11_2022.xls has been started.
2022-11-17 18:45:03 info: Parsing page https://shgpi.edu.ru/struktura-universiteta/f03/raspisanie/raspisanie-ochnogo-otdelenija-ffk/
2022-11-17 18:45:04 info: Parsing of table 8/21_11_2022_27_11_2022.xls has been started.
2022-11-17 18:45:04 info: Parsing page https://shgpi.edu.ru/struktura-universiteta/f15/raspisanie/ochnaja-forma-obuchenija/
2022-11-17 18:45:04 info: Parsing of table 3/21_11_2022_27_11_2022.xls has been started.
2022-11-17 18:45:04 info: Parsing of table 15/14_11_2022_20_11_2022.xls has been started.
2022-11-17 18:45:28 info: Table Watcher has been started manually.
2022-11-17 18:45:28 info: Parsing page https://shgpi.edu.ru/struktura-universiteta/f11/raspisanie/raspisanie-uchebnykh-zanjatii-ochnaja-forma-obuchenija/
2022-11-17 18:45:28 info: Table Watcher cron has been started.
2022-11-17 18:45:28 info: Server has been started 🚀
2022-11-17 18:45:29 info: Parsing page https://shgpi.edu.ru/struktura-universiteta/f12/raspisanie/raspisanie-ochnogo-otdelenija/
2022-11-17 18:45:30 info: Parsing of table 11/14_11_2022_20_11_2022.xls has been started.
2022-11-17 18:45:30 info: Parsing page https://shgpi.edu.ru/struktura-universiteta/f08/raspisanie/raspisanie-ochnogo-otdelenie-fpo/
2022-11-17 18:45:31 info: Parsing of table 12/21_11_2022_27_11_2022.xls has been started.
2022-11-17 18:45:31 info: Parsing page https://shgpi.edu.ru/struktura-universiteta/f03/raspisanie/raspisanie-ochnogo-otdelenija-ffk/
2022-11-17 18:45:31 info: Parsing of table 8/21_11_2022_27_11_2022.xls has been started.
2022-11-17 18:45:32 info: Parsing page https://shgpi.edu.ru/struktura-universiteta/f15/raspisanie/ochnaja-forma-obuchenija/
2022-11-17 18:45:32 info: Parsing of table 3/21_11_2022_27_11_2022.xls has been started.
2022-11-17 18:45:32 info: Parsing of table 15/14_11_2022_20_11_2022.xls has been started.
2022-11-17 18:45:38 info: Table Watcher has been started manually.
2022-11-17 18:45:38 info: Parsing page https://shgpi.edu.ru/struktura-universiteta/f11/raspisanie/raspisanie-uchebnykh-zanjatii-ochnaja-forma-obuchenija/
2022-11-17 18:45:38 info: Table Watcher cron has been started.
2022-11-17 18:45:38 info: Server has been started 🚀
2022-11-17 18:45:39 info: Parsing page https://shgpi.edu.ru/struktura-universiteta/f12/raspisanie/raspisanie-ochnogo-otdelenija/
2022-11-17 18:45:39 info: Parsing of table 11/14_11_2022_20_11_2022.xls has been started.
2022-11-17 18:45:51 info: Table Watcher has been started manually.
2022-11-17 18:45:51 info: Parsing page https://shgpi.edu.ru/struktura-universiteta/f11/raspisanie/raspisanie-uchebnykh-zanjatii-ochnaja-forma-obuchenija/
2022-11-17 18:45:51 info: Table Watcher cron has been started.
2022-11-17 18:45:51 info: Server has been started 🚀
2022-11-17 18:45:52 info: Parsing page https://shgpi.edu.ru/struktura-universiteta/f12/raspisanie/raspisanie-ochnogo-otdelenija/
2022-11-17 18:45:53 info: Parsing page https://shgpi.edu.ru/struktura-universiteta/f08/raspisanie/raspisanie-ochnogo-otdelenie-fpo/
2022-11-17 18:45:53 info: Parsing of table 11/14_11_2022_20_11_2022.xls has been started.
2022-11-17 18:45:53 info: Parsing of table 12/21_11_2022_27_11_2022.xls has been started.
2022-11-17 18:45:54 info: Parsing page https://shgpi.edu.ru/struktura-universiteta/f03/raspisanie/raspisanie-ochnogo-otdelenija-ffk/
2022-11-17 18:45:54 info: Parsing page https://shgpi.edu.ru/struktura-universiteta/f15/raspisanie/ochnaja-forma-obuchenija/
2022-11-17 18:45:54 info: Parsing of table 8/21_11_2022_27_11_2022.xls has been started.
2022-11-17 18:45:55 info: Parsing of table 3/21_11_2022_27_11_2022.xls has been started.
2022-11-17 18:45:55 info: Parsing of table 15/14_11_2022_20_11_2022.xls has been started.
2022-11-17 18:45:57 info: Parsing of table 3/21_11_2022_27_11_2022.xls has been finished.
2022-11-17 18:45:57 info: Parsing of table 15/14_11_2022_20_11_2022.xls has been finished.
2022-11-17 18:46:00 info: Parsing of table 8/21_11_2022_27_11_2022.xls has been finished.
2022-11-17 18:46:00 info: Parsing page https://shgpi.edu.ru/struktura-universiteta/f11/raspisanie/raspisanie-uchebnykh-zanjatii-ochnaja-forma-obuchenija/
2022-11-17 18:46:01 info: Parsing page https://shgpi.edu.ru/struktura-universiteta/f12/raspisanie/raspisanie-ochnogo-otdelenija/
2022-11-17 18:46:02 info: Parsing of table 11/14_11_2022_20_11_2022.xls has been started.
2022-11-17 18:46:02 info: Parsing page https://shgpi.edu.ru/struktura-universiteta/f08/raspisanie/raspisanie-ochnogo-otdelenie-fpo/
2022-11-17 18:46:03 info: Parsing of table 12/21_11_2022_27_11_2022.xls has been started.
2022-11-17 18:46:03 info: Parsing of table 11/14_11_2022_20_11_2022.xls has been finished.
2022-11-17 18:46:03 info: Parsing page https://shgpi.edu.ru/struktura-universiteta/f03/raspisanie/raspisanie-ochnogo-otdelenija-ffk/
2022-11-17 18:46:03 info: Parsing of table 8/21_11_2022_27_11_2022.xls has been started.
2022-11-17 18:46:03 info: Parsing page https://shgpi.edu.ru/struktura-universiteta/f15/raspisanie/ochnaja-forma-obuchenija/
2022-11-17 18:46:04 info: Parsing of table 3/21_11_2022_27_11_2022.xls has been started.
2022-11-17 18:46:04 info: Parsing of table 15/14_11_2022_20_11_2022.xls has been started.
2022-11-17 18:46:05 info: Parsing of table 12/21_11_2022_27_11_2022.xls has been finished.
2022-11-17 18:46:05 info: Parsing of table 3/21_11_2022_27_11_2022.xls has been finished.
2022-11-17 18:46:06 info: Parsing of table 15/14_11_2022_20_11_2022.xls has been finished.
2022-11-17 18:46:08 info: Parsing of table 8/21_11_2022_27_11_2022.xls has been finished.
2022-11-17 18:47:06 info: Table Watcher has been started manually.
2022-11-17 18:47:06 info: Parsing page https://shgpi.edu.ru/struktura-universiteta/f11/raspisanie/raspisanie-uchebnykh-zanjatii-ochnaja-forma-obuchenija/
2022-11-17 18:47:06 info: Table Watcher cron has been started.
2022-11-17 18:47:06 info: Server has been started 🚀
2022-11-17 18:47:07 info: Parsing page https://shgpi.edu.ru/struktura-universiteta/f12/raspisanie/raspisanie-ochnogo-otdelenija/
2022-11-17 18:47:07 info: Parsing of table 11/14_11_2022_20_11_2022.xls has been started.
2022-11-17 18:47:08 info: Parsing page https://shgpi.edu.ru/struktura-universiteta/f08/raspisanie/raspisanie-ochnogo-otdelenie-fpo/
2022-11-17 18:47:08 info: Parsing of table 12/21_11_2022_27_11_2022.xls has been started.
2022-11-17 18:47:09 info: Parsing page https://shgpi.edu.ru/struktura-universiteta/f03/raspisanie/raspisanie-ochnogo-otdelenija-ffk/
2022-11-17 18:47:09 info: Parsing page https://shgpi.edu.ru/struktura-universiteta/f15/raspisanie/ochnaja-forma-obuchenija/
2022-11-17 18:47:09 info: Parsing of table 8/21_11_2022_27_11_2022.xls has been started.
2022-11-17 18:47:10 info: Parsing of table 3/21_11_2022_27_11_2022.xls has been started.
2022-11-17 18:47:10 info: Parsing of table 15/14_11_2022_20_11_2022.xls has been started.
2022-11-17 18:47:12 info: Parsing of table 3/21_11_2022_27_11_2022.xls has been finished.
2022-11-17 18:47:12 info: Parsing of table 15/14_11_2022_20_11_2022.xls has been finished.
2022-11-17 18:47:14 info: Parsing of table 8/21_11_2022_27_11_2022.xls has been finished.
2022-11-17 18:47:14 info: Parsing of table 12/21_11_2022_27_11_2022.xls has been finished.
2022-11-17 18:47:14 info: Parsing of table 11/14_11_2022_20_11_2022.xls has been finished.
2022-11-17 18:48:16 info: Table Watcher has been started manually.
2022-11-17 18:48:16 info: Parsing page https://shgpi.edu.ru/struktura-universiteta/f11/raspisanie/raspisanie-uchebnykh-zanjatii-ochnaja-forma-obuchenija/
2022-11-17 18:48:16 info: Table Watcher cron has been started.
2022-11-17 18:48:16 info: Server has been started 🚀
2022-11-17 18:48:17 info: Parsing page https://shgpi.edu.ru/struktura-universiteta/f12/raspisanie/raspisanie-ochnogo-otdelenija/
2022-11-17 18:48:17 info: Parsing of table 11/14_11_2022_20_11_2022.xls has been started.
2022-11-17 18:48:18 info: Parsing page https://shgpi.edu.ru/struktura-universiteta/f08/raspisanie/raspisanie-ochnogo-otdelenie-fpo/
2022-11-17 18:48:18 info: Parsing of table 12/21_11_2022_27_11_2022.xls has been started.
2022-11-17 19:01:25 info: Table Watcher has been started manually.
2022-11-17 19:01:25 info: Parsing page https://shgpi.edu.ru/struktura-universiteta/f11/raspisanie/raspisanie-uchebnykh-zanjatii-ochnaja-forma-obuchenija/
2022-11-17 19:01:25 info: Table Watcher cron has been started.
2022-11-17 19:01:25 info: Server has been started 🚀
2022-11-17 19:01:26 info: Parsing page https://shgpi.edu.ru/struktura-universiteta/f12/raspisanie/raspisanie-ochnogo-otdelenija/
2022-11-17 19:01:26 info: Parsing of table 11/14_11_2022_20_11_2022.xls has been started.
2022-11-17 19:01:27 info: Parsing page https://shgpi.edu.ru/struktura-universiteta/f08/raspisanie/raspisanie-ochnogo-otdelenie-fpo/
2022-11-17 19:01:27 info: Parsing of table 12/21_11_2022_27_11_2022.xls has been started.
2022-11-17 19:01:28 info: Parsing page https://shgpi.edu.ru/struktura-universiteta/f03/raspisanie/raspisanie-ochnogo-otdelenija-ffk/
2022-11-17 19:01:28 info: Parsing of table 8/21_11_2022_27_11_2022.xls has been started.
2022-11-17 19:01:28 info: Parsing page https://shgpi.edu.ru/struktura-universiteta/f15/raspisanie/ochnaja-forma-obuchenija/
2022-11-17 19:01:28 info: Parsing of table 3/21_11_2022_27_11_2022.xls has been started.
2022-11-17 19:01:28 info: Parsing of table 15/14_11_2022_20_11_2022.xls has been started.
2022-11-17 19:01:29 info: Parsing of table 3/21_11_2022_27_11_2022.xls has been finished.
2022-11-17 19:01:29 info: Parsing of table 15/14_11_2022_20_11_2022.xls has been finished.
2022-11-17 19:01:30 info: Parsing of table 8/21_11_2022_27_11_2022.xls has been finished.
2022-11-17 19:01:32 info: Parsing of table 12/21_11_2022_27_11_2022.xls has been finished.
2022-11-17 19:01:34 info: Parsing of table 11/14_11_2022_20_11_2022.xls has been finished.
2022-11-17 19:02:00 info: Parsing page https://shgpi.edu.ru/struktura-universiteta/f11/raspisanie/raspisanie-uchebnykh-zanjatii-ochnaja-forma-obuchenija/
2022-11-17 19:02:01 info: Parsing page https://shgpi.edu.ru/struktura-universiteta/f12/raspisanie/raspisanie-ochnogo-otdelenija/
2022-11-17 19:02:01 info: Parsing of table 11/14_11_2022_20_11_2022.xls has been started.
2022-11-17 19:02:02 info: Parsing page https://shgpi.edu.ru/struktura-universiteta/f08/raspisanie/raspisanie-ochnogo-otdelenie-fpo/
2022-11-17 19:02:02 info: Parsing of table 12/21_11_2022_27_11_2022.xls has been started.
2022-11-17 19:02:03 info: Parsing page https://shgpi.edu.ru/struktura-universiteta/f03/raspisanie/raspisanie-ochnogo-otdelenija-ffk/
2022-11-17 19:02:03 info: Parsing of table 8/21_11_2022_27_11_2022.xls has been started.
2022-11-17 19:02:03 info: Parsing page https://shgpi.edu.ru/struktura-universiteta/f15/raspisanie/ochnaja-forma-obuchenija/
2022-11-17 19:02:03 info: Parsing of table 3/21_11_2022_27_11_2022.xls has been started.
2022-11-17 19:02:03 info: Parsing of table 15/14_11_2022_20_11_2022.xls has been started.
2022-11-17 19:02:03 info: Parsing of table 3/21_11_2022_27_11_2022.xls has been finished.
2022-11-17 19:02:04 info: Parsing of table 15/14_11_2022_20_11_2022.xls has been finished.
2022-11-17 19:02:05 info: Parsing of table 8/21_11_2022_27_11_2022.xls has been finished.
2022-11-17 19:02:06 info: Parsing of table 12/21_11_2022_27_11_2022.xls has been finished.
2022-11-17 19:02:07 info: Parsing of table 11/14_11_2022_20_11_2022.xls has been finished.
2022-11-17 19:03:00 info: Parsing page https://shgpi.edu.ru/struktura-universiteta/f11/raspisanie/raspisanie-uchebnykh-zanjatii-ochnaja-forma-obuchenija/
2022-11-17 19:03:01 info: Parsing page https://shgpi.edu.ru/struktura-universiteta/f12/raspisanie/raspisanie-ochnogo-otdelenija/
2022-11-17 19:03:01 info: Parsing of table 11/14_11_2022_20_11_2022.xls has been started.
2022-11-17 19:03:02 info: Parsing page https://shgpi.edu.ru/struktura-universiteta/f08/raspisanie/raspisanie-ochnogo-otdelenie-fpo/
2022-11-17 19:03:02 info: Parsing of table 12/21_11_2022_27_11_2022.xls has been started.
2022-11-17 19:03:03 info: Parsing page https://shgpi.edu.ru/struktura-universiteta/f03/raspisanie/raspisanie-ochnogo-otdelenija-ffk/
2022-11-17 19:03:03 info: Parsing of table 8/21_11_2022_27_11_2022.xls has been started.
2022-11-17 19:03:03 info: Parsing page https://shgpi.edu.ru/struktura-universiteta/f15/raspisanie/ochnaja-forma-obuchenija/
2022-11-17 19:03:03 info: Parsing of table 3/21_11_2022_27_11_2022.xls has been started.
2022-11-17 19:03:04 info: Parsing of table 15/14_11_2022_20_11_2022.xls has been started.
2022-11-17 19:03:05 info: Parsing of table 3/21_11_2022_27_11_2022.xls has been finished.
2022-11-17 19:03:10 info: Table Watcher has been started manually.
2022-11-17 19:03:10 info: Parsing page https://shgpi.edu.ru/struktura-universiteta/f11/raspisanie/raspisanie-uchebnykh-zanjatii-ochnaja-forma-obuchenija/
2022-11-17 19:03:10 info: Table Watcher cron has been started.
2022-11-17 19:03:10 info: Server has been started 🚀
2022-11-17 19:03:16 info: Table Watcher has been started manually.
2022-11-17 19:03:16 info: Parsing page https://shgpi.edu.ru/struktura-universiteta/f11/raspisanie/raspisanie-uchebnykh-zanjatii-ochnaja-forma-obuchenija/
2022-11-17 19:03:16 info: Table Watcher cron has been started.
2022-11-17 19:03:16 info: Server has been started 🚀
2022-11-17 19:03:17 info: Parsing page https://shgpi.edu.ru/struktura-universiteta/f12/raspisanie/raspisanie-ochnogo-otdelenija/
2022-11-17 19:03:17 info: Parsing of table 11/14_11_2022_20_11_2022.xls has been started.
2022-11-17 19:03:18 info: Parsing page https://shgpi.edu.ru/struktura-universiteta/f08/raspisanie/raspisanie-ochnogo-otdelenie-fpo/
2022-11-17 19:03:18 info: Parsing of table 12/21_11_2022_27_11_2022.xls has been started.
2022-11-17 19:03:19 info: Parsing page https://shgpi.edu.ru/struktura-universiteta/f03/raspisanie/raspisanie-ochnogo-otdelenija-ffk/
2022-11-17 19:03:19 info: Parsing of table 8/21_11_2022_27_11_2022.xls has been started.
2022-11-17 19:03:19 info: Parsing page https://shgpi.edu.ru/struktura-universiteta/f15/raspisanie/ochnaja-forma-obuchenija/
2022-11-17 19:03:19 info: Parsing of table 3/21_11_2022_27_11_2022.xls has been started.
2022-11-17 19:03:19 info: Parsing of table 15/14_11_2022_20_11_2022.xls has been started.
2022-11-17 19:03:23 info: Parsing of table 3/21_11_2022_27_11_2022.xls has been finished.
2022-11-17 19:03:23 info: Parsing of table 15/14_11_2022_20_11_2022.xls has been finished.
2022-11-17 19:03:25 info: Parsing of table 8/21_11_2022_27_11_2022.xls has been finished.
2022-11-17 19:03:26 info: Parsing of table 12/21_11_2022_27_11_2022.xls has been finished.
2022-11-17 19:03:28 info: Parsing of table 11/14_11_2022_20_11_2022.xls has been finished.
2022-11-17 19:04:00 info: Parsing page https://shgpi.edu.ru/struktura-universiteta/f11/raspisanie/raspisanie-uchebnykh-zanjatii-ochnaja-forma-obuchenija/
2022-11-17 19:04:01 info: Parsing page https://shgpi.edu.ru/struktura-universiteta/f12/raspisanie/raspisanie-ochnogo-otdelenija/
2022-11-17 19:04:01 info: Parsing of table 11/14_11_2022_20_11_2022.xls has been started.
2022-11-17 19:04:02 info: Parsing page https://shgpi.edu.ru/struktura-universiteta/f08/raspisanie/raspisanie-ochnogo-otdelenie-fpo/
2022-11-17 19:04:02 info: Parsing of table 12/21_11_2022_27_11_2022.xls has been started.
2022-11-17 19:04:03 info: Parsing page https://shgpi.edu.ru/struktura-universiteta/f03/raspisanie/raspisanie-ochnogo-otdelenija-ffk/
2022-11-17 19:04:03 info: Parsing of table 8/21_11_2022_27_11_2022.xls has been started.
2022-11-17 19:04:03 info: Parsing page https://shgpi.edu.ru/struktura-universiteta/f15/raspisanie/ochnaja-forma-obuchenija/
2022-11-17 19:04:03 info: Parsing of table 3/21_11_2022_27_11_2022.xls has been started.
2022-11-17 19:04:03 info: Parsing of table 15/14_11_2022_20_11_2022.xls has been started.
2022-11-17 19:04:05 info: Parsing of table 3/21_11_2022_27_11_2022.xls has been finished.
2022-11-17 19:04:05 info: Parsing of table 15/14_11_2022_20_11_2022.xls has been finished.
2022-11-17 19:04:07 info: Parsing of table 8/21_11_2022_27_11_2022.xls has been finished.
2022-11-17 19:04:08 info: Parsing of table 12/21_11_2022_27_11_2022.xls has been finished.
2022-11-17 19:04:09 info: Parsing of table 11/14_11_2022_20_11_2022.xls has been finished.
2022-11-17 19:05:00 info: Parsing page https://shgpi.edu.ru/struktura-universiteta/f11/raspisanie/raspisanie-uchebnykh-zanjatii-ochnaja-forma-obuchenija/
2022-11-17 19:05:01 info: Parsing page https://shgpi.edu.ru/struktura-universiteta/f12/raspisanie/raspisanie-ochnogo-otdelenija/
2022-11-17 19:05:02 info: Parsing of table 11/14_11_2022_20_11_2022.xls has been started.
2022-11-17 19:05:02 info: Parsing page https://shgpi.edu.ru/struktura-universiteta/f08/raspisanie/raspisanie-ochnogo-otdelenie-fpo/
2022-11-17 19:05:02 info: Parsing of table 12/21_11_2022_27_11_2022.xls has been started.
2022-11-17 19:05:12 info: Table Watcher has been started manually.
2022-11-17 19:05:12 info: Parsing page https://shgpi.edu.ru/struktura-universiteta/f11/raspisanie/raspisanie-uchebnykh-zanjatii-ochnaja-forma-obuchenija/
2022-11-17 19:05:12 info: Table Watcher cron has been started.
2022-11-17 19:05:12 info: Server has been started 🚀
2022-11-17 19:05:13 info: Parsing page https://shgpi.edu.ru/struktura-universiteta/f12/raspisanie/raspisanie-ochnogo-otdelenija/
2022-11-17 19:05:14 info: Parsing of table 11/14_11_2022_20_11_2022.xls has been started.
2022-11-17 19:05:14 info: Parsing page https://shgpi.edu.ru/struktura-universiteta/f08/raspisanie/raspisanie-ochnogo-otdelenie-fpo/
2022-11-17 19:05:15 info: Parsing of table 12/21_11_2022_27_11_2022.xls has been started.
2022-11-17 19:05:15 info: Parsing page https://shgpi.edu.ru/struktura-universiteta/f03/raspisanie/raspisanie-ochnogo-otdelenija-ffk/
2022-11-17 19:05:15 info: Parsing page https://shgpi.edu.ru/struktura-universiteta/f15/raspisanie/ochnaja-forma-obuchenija/
2022-11-17 19:05:15 info: Parsing of table 8/21_11_2022_27_11_2022.xls has been started.
2022-11-17 19:05:16 info: Parsing of table 3/21_11_2022_27_11_2022.xls has been started.
2022-11-17 19:05:16 info: Parsing of table 15/14_11_2022_20_11_2022.xls has been started.
2022-11-17 19:05:21 info: Table Watcher has been started manually.
2022-11-17 19:05:21 info: Parsing page https://shgpi.edu.ru/struktura-universiteta/f11/raspisanie/raspisanie-uchebnykh-zanjatii-ochnaja-forma-obuchenija/
2022-11-17 19:05:21 info: Table Watcher cron has been started.
2022-11-17 19:05:21 info: Server has been started 🚀
2022-11-17 19:05:29 info: Table Watcher has been started manually.
2022-11-17 19:05:29 info: Parsing page https://shgpi.edu.ru/struktura-universiteta/f11/raspisanie/raspisanie-uchebnykh-zanjatii-ochnaja-forma-obuchenija/
2022-11-17 19:05:29 info: Table Watcher cron has been started.
2022-11-17 19:05:29 info: Server has been started 🚀
2022-11-17 19:05:38 info: Table Watcher has been started manually.
2022-11-17 19:05:38 info: Parsing page https://shgpi.edu.ru/struktura-universiteta/f11/raspisanie/raspisanie-uchebnykh-zanjatii-ochnaja-forma-obuchenija/
2022-11-17 19:05:38 info: Table Watcher cron has been started.
2022-11-17 19:05:38 info: Server has been started 🚀
2022-11-17 19:05:39 info: Parsing page https://shgpi.edu.ru/struktura-universiteta/f12/raspisanie/raspisanie-ochnogo-otdelenija/
2022-11-17 19:05:39 info: Parsing of table 11/14_11_2022_20_11_2022.xls has been started.
2022-11-17 19:05:40 info: Parsing page https://shgpi.edu.ru/struktura-universiteta/f08/raspisanie/raspisanie-ochnogo-otdelenie-fpo/
2022-11-17 19:05:40 info: Parsing of table 12/21_11_2022_27_11_2022.xls has been started.
2022-11-17 19:05:41 info: Parsing page https://shgpi.edu.ru/struktura-universiteta/f03/raspisanie/raspisanie-ochnogo-otdelenija-ffk/
2022-11-17 19:05:41 info: Parsing page https://shgpi.edu.ru/struktura-universiteta/f15/raspisanie/ochnaja-forma-obuchenija/
2022-11-17 19:05:41 info: Parsing of table 8/21_11_2022_27_11_2022.xls has been started.
2022-11-17 19:05:41 info: Parsing of table 3/21_11_2022_27_11_2022.xls has been started.
2022-11-17 19:05:41 info: Parsing of table 15/14_11_2022_20_11_2022.xls has been started.
2022-11-17 19:05:42 info: Parsing of table 3/21_11_2022_27_11_2022.xls has been finished.
2022-11-17 19:05:49 info: Table Watcher has been started manually.
2022-11-17 19:05:49 info: Parsing page https://shgpi.edu.ru/struktura-universiteta/f11/raspisanie/raspisanie-uchebnykh-zanjatii-ochnaja-forma-obuchenija/
2022-11-17 19:05:49 info: Table Watcher cron has been started.
2022-11-17 19:05:49 info: Server has been started 🚀
2022-11-17 19:05:50 info: Parsing page https://shgpi.edu.ru/struktura-universiteta/f12/raspisanie/raspisanie-ochnogo-otdelenija/
2022-11-17 19:05:51 info: Parsing of table 11/14_11_2022_20_11_2022.xls has been started.
2022-11-17 19:05:51 info: Parsing page https://shgpi.edu.ru/struktura-universiteta/f08/raspisanie/raspisanie-ochnogo-otdelenie-fpo/
2022-11-17 19:05:51 info: Parsing of table 12/21_11_2022_27_11_2022.xls has been started.
2022-11-17 19:05:52 info: Parsing page https://shgpi.edu.ru/struktura-universiteta/f03/raspisanie/raspisanie-ochnogo-otdelenija-ffk/
2022-11-17 19:05:52 info: Parsing of table 8/21_11_2022_27_11_2022.xls has been started.
2022-11-17 19:05:52 info: Parsing page https://shgpi.edu.ru/struktura-universiteta/f15/raspisanie/ochnaja-forma-obuchenija/
2022-11-17 19:05:53 info: Parsing of table 3/21_11_2022_27_11_2022.xls has been started.
2022-11-17 19:05:53 info: Parsing of table 15/14_11_2022_20_11_2022.xls has been started.
2022-11-17 19:05:54 info: Parsing of table 3/21_11_2022_27_11_2022.xls has been finished.
2022-11-17 19:05:54 info: Parsing of table 15/14_11_2022_20_11_2022.xls has been finished.
2022-11-17 19:05:57 info: Parsing of table 8/21_11_2022_27_11_2022.xls has been finished.
2022-11-17 19:05:59 info: Parsing of table 12/21_11_2022_27_11_2022.xls has been finished.
2022-11-17 19:06:00 info: Parsing of table 11/14_11_2022_20_11_2022.xls has been finished.
2022-11-17 19:06:00 info: Parsing page https://shgpi.edu.ru/struktura-universiteta/f11/raspisanie/raspisanie-uchebnykh-zanjatii-ochnaja-forma-obuchenija/
2022-11-17 19:06:01 info: Parsing page https://shgpi.edu.ru/struktura-universiteta/f12/raspisanie/raspisanie-ochnogo-otdelenija/
2022-11-17 19:06:02 info: Parsing of table 11/14_11_2022_20_11_2022.xls has been started.
2022-11-17 19:06:02 info: Parsing page https://shgpi.edu.ru/struktura-universiteta/f08/raspisanie/raspisanie-ochnogo-otdelenie-fpo/
2022-11-17 19:06:02 info: Parsing of table 12/21_11_2022_27_11_2022.xls has been started.
2022-11-17 19:06:03 info: Parsing page https://shgpi.edu.ru/struktura-universiteta/f03/raspisanie/raspisanie-ochnogo-otdelenija-ffk/
2022-11-17 19:06:03 info: Parsing of table 8/21_11_2022_27_11_2022.xls has been started.
2022-11-17 19:06:03 info: Parsing page https://shgpi.edu.ru/struktura-universiteta/f15/raspisanie/ochnaja-forma-obuchenija/
2022-11-17 19:06:03 info: Parsing of table 3/21_11_2022_27_11_2022.xls has been started.
2022-11-17 19:06:04 info: Parsing of table 15/14_11_2022_20_11_2022.xls has been started.
2022-11-17 19:06:05 info: Parsing of table 3/21_11_2022_27_11_2022.xls has been finished.
2022-11-17 19:06:06 info: Parsing of table 15/14_11_2022_20_11_2022.xls has been finished.
2022-11-17 19:35:37 info: Table Watcher has been started manually.
2022-11-17 19:35:37 info: Parsing page https://shgpi.edu.ru/struktura-universiteta/f11/raspisanie/raspisanie-uchebnykh-zanjatii-ochnaja-forma-obuchenija/
2022-11-17 19:35:37 info: Table Watcher cron has been started.
2022-11-17 19:35:37 info: Server has been started 🚀
2022-11-17 19:35:38 info: Parsing page https://shgpi.edu.ru/struktura-universiteta/f12/raspisanie/raspisanie-ochnogo-otdelenija/
2022-11-17 19:35:39 info: Parsing of table 11/14_11_2022_20_11_2022.xls has been started.
2022-11-17 19:35:40 info: Parsing page https://shgpi.edu.ru/struktura-universiteta/f08/raspisanie/raspisanie-ochnogo-otdelenie-fpo/
2022-11-17 19:35:41 info: Parsing of table 12/21_11_2022_27_11_2022.xls has been started.
2022-11-17 19:35:42 info: Parsing page https://shgpi.edu.ru/struktura-universiteta/f03/raspisanie/raspisanie-ochnogo-otdelenija-ffk/
2022-11-17 19:35:42 info: Parsing of table 8/21_11_2022_27_11_2022.xls has been started.
2022-11-17 19:35:42 info: Parsing page https://shgpi.edu.ru/struktura-universiteta/f15/raspisanie/ochnaja-forma-obuchenija/
2022-11-17 19:35:42 info: Parsing of table 3/21_11_2022_27_11_2022.xls has been started.
2022-11-17 19:35:42 info: Parsing of table 15/14_11_2022_20_11_2022.xls has been started.
2022-11-17 19:35:42 info: Parsing of table 3/21_11_2022_27_11_2022.xls has been finished.
2022-11-17 19:35:43 info: Parsing of table 15/14_11_2022_20_11_2022.xls has been finished.
2022-11-17 19:35:43 info: Parsing of table 11/14_11_2022_20_11_2022.xls has been finished.
2022-11-17 19:35:46 info: Parsing of table 8/21_11_2022_27_11_2022.xls has been finished.
2022-11-17 19:35:46 info: Parsing of table 12/21_11_2022_27_11_2022.xls has been finished.
2022-11-17 19:36:00 info: Parsing page https://shgpi.edu.ru/struktura-universiteta/f11/raspisanie/raspisanie-uchebnykh-zanjatii-ochnaja-forma-obuchenija/
2022-11-17 19:36:01 info: Parsing page https://shgpi.edu.ru/struktura-universiteta/f12/raspisanie/raspisanie-ochnogo-otdelenija/
2022-11-17 19:36:02 info: Parsing of table 11/14_11_2022_20_11_2022.xls has been started.
2022-11-17 19:36:02 info: Parsing page https://shgpi.edu.ru/struktura-universiteta/f08/raspisanie/raspisanie-ochnogo-otdelenie-fpo/
2022-11-17 19:36:03 info: Parsing of table 12/21_11_2022_27_11_2022.xls has been started.
2022-11-17 19:36:03 info: Parsing page https://shgpi.edu.ru/struktura-universiteta/f03/raspisanie/raspisanie-ochnogo-otdelenija-ffk/
2022-11-17 19:36:04 info: Parsing of table 8/21_11_2022_27_11_2022.xls has been started.
2022-11-17 19:36:04 info: Parsing page https://shgpi.edu.ru/struktura-universiteta/f15/raspisanie/ochnaja-forma-obuchenija/
2022-11-17 19:36:04 info: Parsing of table 3/21_11_2022_27_11_2022.xls has been started.
2022-11-17 19:36:04 info: Parsing of table 15/14_11_2022_20_11_2022.xls has been started.
2022-11-17 19:36:04 info: Parsing of table 3/21_11_2022_27_11_2022.xls has been finished.
2022-11-17 19:36:04 info: Parsing of table 15/14_11_2022_20_11_2022.xls has been finished.
2022-11-17 19:36:05 info: Parsing of table 8/21_11_2022_27_11_2022.xls has been finished.
2022-11-17 19:36:07 info: Parsing of table 12/21_11_2022_27_11_2022.xls has been finished.
2022-11-17 19:36:08 info: Parsing of table 11/14_11_2022_20_11_2022.xls has been finished.
2022-11-17 19:37:00 info: Parsing page https://shgpi.edu.ru/struktura-universiteta/f11/raspisanie/raspisanie-uchebnykh-zanjatii-ochnaja-forma-obuchenija/
2022-11-17 19:37:02 info: Parsing page https://shgpi.edu.ru/struktura-universiteta/f12/raspisanie/raspisanie-ochnogo-otdelenija/
2022-11-17 19:37:02 info: Parsing of table 11/14_11_2022_20_11_2022.xls has been started.
2022-11-17 19:37:03 info: Parsing page https://shgpi.edu.ru/struktura-universiteta/f08/raspisanie/raspisanie-ochnogo-otdelenie-fpo/
2022-11-17 19:37:03 info: Parsing of table 12/21_11_2022_27_11_2022.xls has been started.
2022-11-17 19:37:04 info: Parsing page https://shgpi.edu.ru/struktura-universiteta/f03/raspisanie/raspisanie-ochnogo-otdelenija-ffk/
2022-11-17 19:37:04 info: Parsing of table 8/21_11_2022_27_11_2022.xls has been started.
2022-11-17 19:37:04 info: Parsing page https://shgpi.edu.ru/struktura-universiteta/f15/raspisanie/ochnaja-forma-obuchenija/
2022-11-17 19:37:05 info: Parsing of table 15/14_11_2022_20_11_2022.xls has been started.
2022-11-17 19:37:06 info: Parsing of table 15/14_11_2022_20_11_2022.xls has been finished.
2022-11-17 19:37:06 info: Parsing of table 12/21_11_2022_27_11_2022.xls has been finished.
2022-11-17 19:37:07 info: Parsing of table 8/21_11_2022_27_11_2022.xls has been finished.
2022-11-17 19:37:08 info: Parsing of table 11/14_11_2022_20_11_2022.xls has been finished.
2022-11-17 19:38:00 info: Parsing page https://shgpi.edu.ru/struktura-universiteta/f11/raspisanie/raspisanie-uchebnykh-zanjatii-ochnaja-forma-obuchenija/
2022-11-17 19:38:01 info: Parsing page https://shgpi.edu.ru/struktura-universiteta/f12/raspisanie/raspisanie-ochnogo-otdelenija/
2022-11-17 19:38:02 info: Parsing of table 11/14_11_2022_20_11_2022.xls has been started.
2022-11-17 19:38:02 info: Parsing page https://shgpi.edu.ru/struktura-universiteta/f08/raspisanie/raspisanie-ochnogo-otdelenie-fpo/
2022-11-17 19:38:03 info: Parsing of table 12/21_11_2022_27_11_2022.xls has been started.
2022-11-17 19:38:03 info: Parsing page https://shgpi.edu.ru/struktura-universiteta/f03/raspisanie/raspisanie-ochnogo-otdelenija-ffk/
2022-11-17 19:38:04 info: Parsing page https://shgpi.edu.ru/struktura-universiteta/f15/raspisanie/ochnaja-forma-obuchenija/
2022-11-17 19:38:04 info: Parsing of table 8/21_11_2022_27_11_2022.xls has been started.
2022-11-17 19:38:04 info: Parsing of table 3/21_11_2022_27_11_2022.xls has been started.
2022-11-17 19:38:04 info: Parsing of table 15/14_11_2022_20_11_2022.xls has been started.
2022-11-17 19:38:04 info: Parsing of table 3/21_11_2022_27_11_2022.xls has been finished.
2022-11-17 19:38:05 info: Parsing of table 15/14_11_2022_20_11_2022.xls has been finished.
2022-11-17 19:38:08 info: Parsing of table 8/21_11_2022_27_11_2022.xls has been finished.
2022-11-17 19:38:09 info: Parsing of table 12/21_11_2022_27_11_2022.xls has been finished.
2022-11-17 19:38:10 info: Parsing of table 11/14_11_2022_20_11_2022.xls has been finished.
2022-11-17 19:39:00 info: Parsing page https://shgpi.edu.ru/struktura-universiteta/f11/raspisanie/raspisanie-uchebnykh-zanjatii-ochnaja-forma-obuchenija/
2022-11-17 19:39:01 info: Parsing page https://shgpi.edu.ru/struktura-universiteta/f12/raspisanie/raspisanie-ochnogo-otdelenija/
2022-11-17 19:39:01 info: Parsing of table 11/14_11_2022_20_11_2022.xls has been started.
2022-11-17 19:39:02 info: Parsing page https://shgpi.edu.ru/struktura-universiteta/f08/raspisanie/raspisanie-ochnogo-otdelenie-fpo/
2022-11-17 19:39:02 info: Parsing of table 12/21_11_2022_27_11_2022.xls has been started.
2022-11-17 19:39:03 info: Parsing page https://shgpi.edu.ru/struktura-universiteta/f03/raspisanie/raspisanie-ochnogo-otdelenija-ffk/
2022-11-17 19:39:03 info: Parsing of table 8/21_11_2022_27_11_2022.xls has been started.
2022-11-17 19:39:03 info: Parsing page https://shgpi.edu.ru/struktura-universiteta/f15/raspisanie/ochnaja-forma-obuchenija/
2022-11-17 19:39:03 info: Parsing of table 3/21_11_2022_27_11_2022.xls has been started.
2022-11-17 19:39:03 info: Parsing of table 15/14_11_2022_20_11_2022.xls has been started.
2022-11-17 19:39:04 info: Parsing of table 3/21_11_2022_27_11_2022.xls has been finished.
2022-11-17 19:39:04 info: Parsing of table 15/14_11_2022_20_11_2022.xls has been finished.
2022-11-17 19:39:06 info: Parsing of table 8/21_11_2022_27_11_2022.xls has been finished.
2022-11-17 19:39:06 info: Parsing of table 12/21_11_2022_27_11_2022.xls has been finished.
2022-11-17 19:39:07 info: Parsing of table 11/14_11_2022_20_11_2022.xls has been finished.
2022-11-17 19:40:14 info: Table Watcher has been started manually.
2022-11-17 19:40:14 info: Parsing page https://shgpi.edu.ru/struktura-universiteta/f11/raspisanie/raspisanie-uchebnykh-zanjatii-ochnaja-forma-obuchenija/
2022-11-17 19:40:14 info: Table Watcher cron has been started.
2022-11-17 19:40:14 info: Server has been started 🚀
2022-11-17 19:40:15 info: Parsing page https://shgpi.edu.ru/struktura-universiteta/f12/raspisanie/raspisanie-ochnogo-otdelenija/
2022-11-17 19:40:16 info: Parsing of table 11/14_11_2022_20_11_2022.xls has been started.
2022-11-17 19:40:16 info: Parsing page https://shgpi.edu.ru/struktura-universiteta/f08/raspisanie/raspisanie-ochnogo-otdelenie-fpo/
2022-11-17 19:40:17 info: Parsing of table 12/21_11_2022_27_11_2022.xls has been started.
2022-11-17 19:40:17 info: Parsing page https://shgpi.edu.ru/struktura-universiteta/f03/raspisanie/raspisanie-ochnogo-otdelenija-ffk/
2022-11-17 19:40:18 info: Parsing page https://shgpi.edu.ru/struktura-universiteta/f15/raspisanie/ochnaja-forma-obuchenija/
2022-11-17 19:40:18 info: Parsing of table 8/21_11_2022_27_11_2022.xls has been started.
2022-11-17 19:40:18 info: Parsing of table 3/21_11_2022_27_11_2022.xls has been started.
2022-11-17 19:40:18 info: Parsing of table 15/14_11_2022_20_11_2022.xls has been started.
2022-11-17 19:40:19 info: Parsing of table 3/21_11_2022_27_11_2022.xls has been finished.
2022-11-17 19:40:19 info: Parsing of table 15/14_11_2022_20_11_2022.xls has been finished.
2022-11-17 19:40:21 info: Parsing of table 8/21_11_2022_27_11_2022.xls has been finished.
2022-11-17 19:40:21 info: Parsing of table 12/21_11_2022_27_11_2022.xls has been finished.
2022-11-17 19:40:23 info: Parsing of table 11/14_11_2022_20_11_2022.xls has been finished.
2022-11-17 19:41:14 info: Table Watcher has been started manually.
2022-11-17 19:41:14 info: Parsing page https://shgpi.edu.ru/struktura-universiteta/f11/raspisanie/raspisanie-uchebnykh-zanjatii-ochnaja-forma-obuchenija/
2022-11-17 19:41:14 info: Table Watcher cron has been started.
2022-11-17 19:41:14 info: Server has been started 🚀
2022-11-17 19:41:15 info: Parsing page https://shgpi.edu.ru/struktura-universiteta/f12/raspisanie/raspisanie-ochnogo-otdelenija/
2022-11-17 19:41:16 info: Parsing page https://shgpi.edu.ru/struktura-universiteta/f08/raspisanie/raspisanie-ochnogo-otdelenie-fpo/
2022-11-18 10:03:01 info: Table Watcher has been started manually.
2022-11-18 10:03:01 info: Parsing page https://shgpi.edu.ru/struktura-universiteta/f11/raspisanie/raspisanie-uchebnykh-zanjatii-ochnaja-forma-obuchenija/
2022-11-18 10:03:02 info: Table Watcher cron has been started.
2022-11-18 10:03:02 info: Server has been started 🚀
2022-11-18 10:03:03 info: Parsing page https://shgpi.edu.ru/struktura-universiteta/f12/raspisanie/raspisanie-ochnogo-otdelenija/
2022-11-18 10:03:04 info: Parsing page https://shgpi.edu.ru/struktura-universiteta/f08/raspisanie/raspisanie-ochnogo-otdelenie-fpo/
2022-11-18 10:03:05 info: Parsing page https://shgpi.edu.ru/struktura-universiteta/f03/raspisanie/raspisanie-ochnogo-otdelenija-ffk/
2022-11-18 10:03:05 info: Parsing page https://shgpi.edu.ru/struktura-universiteta/f15/raspisanie/ochnaja-forma-obuchenija/
2022-11-18 10:03:42 info: Table Watcher has been started manually.
2022-11-18 10:03:42 info: Parsing page https://shgpi.edu.ru/struktura-universiteta/f11/raspisanie/raspisanie-uchebnykh-zanjatii-ochnaja-forma-obuchenija/
2022-11-18 10:03:42 info: Table Watcher cron has been started.
2022-11-18 10:03:42 info: Server has been started 🚀
2022-11-18 10:03:43 info: Parsing page https://shgpi.edu.ru/struktura-universiteta/f12/raspisanie/raspisanie-ochnogo-otdelenija/
2022-11-18 10:03:44 info: Parsing page https://shgpi.edu.ru/struktura-universiteta/f08/raspisanie/raspisanie-ochnogo-otdelenie-fpo/
2022-11-18 10:03:46 info: Parsing page https://shgpi.edu.ru/struktura-universiteta/f03/raspisanie/raspisanie-ochnogo-otdelenija-ffk/
2022-11-18 10:03:46 info: Parsing page https://shgpi.edu.ru/struktura-universiteta/f15/raspisanie/ochnaja-forma-obuchenija/
2022-11-18 10:03:58 info: Table Watcher has been started manually.
2022-11-18 10:03:58 info: Parsing page https://shgpi.edu.ru/struktura-universiteta/f11/raspisanie/raspisanie-uchebnykh-zanjatii-ochnaja-forma-obuchenija/
2022-11-18 10:03:58 info: Table Watcher cron has been started.
2022-11-18 10:03:58 info: Server has been started 🚀
2022-11-18 10:03:59 info: Parsing page https://shgpi.edu.ru/struktura-universiteta/f12/raspisanie/raspisanie-ochnogo-otdelenija/
2022-11-18 10:04:00 info: Parsing page https://shgpi.edu.ru/struktura-universiteta/f08/raspisanie/raspisanie-ochnogo-otdelenie-fpo/
2022-11-18 10:04:00 info: Parsing page https://shgpi.edu.ru/struktura-universiteta/f11/raspisanie/raspisanie-uchebnykh-zanjatii-ochnaja-forma-obuchenija/
2022-11-18 10:04:02 info: Parsing page https://shgpi.edu.ru/struktura-universiteta/f12/raspisanie/raspisanie-ochnogo-otdelenija/
2022-11-18 10:04:02 info: Parsing page https://shgpi.edu.ru/struktura-universiteta/f03/raspisanie/raspisanie-ochnogo-otdelenija-ffk/
2022-11-18 10:04:02 info: Parsing page https://shgpi.edu.ru/struktura-universiteta/f15/raspisanie/ochnaja-forma-obuchenija/
2022-11-18 10:04:03 info: Parsing page https://shgpi.edu.ru/struktura-universiteta/f08/raspisanie/raspisanie-ochnogo-otdelenie-fpo/
2022-11-18 10:04:04 info: Parsing page https://shgpi.edu.ru/struktura-universiteta/f03/raspisanie/raspisanie-ochnogo-otdelenija-ffk/
2022-11-18 10:04:04 info: Parsing page https://shgpi.edu.ru/struktura-universiteta/f15/raspisanie/ochnaja-forma-obuchenija/
2022-11-18 10:04:22 info: Table Watcher has been started manually.
2022-11-18 10:04:22 info: Parsing page https://shgpi.edu.ru/struktura-universiteta/f11/raspisanie/raspisanie-uchebnykh-zanjatii-ochnaja-forma-obuchenija/
2022-11-18 10:04:22 info: Table Watcher cron has been started.
2022-11-18 10:04:22 info: Server has been started 🚀
2022-11-18 10:04:23 info: Parsing page https://shgpi.edu.ru/struktura-universiteta/f12/raspisanie/raspisanie-ochnogo-otdelenija/
2022-11-18 10:04:24 info: Parsing page https://shgpi.edu.ru/struktura-universiteta/f08/raspisanie/raspisanie-ochnogo-otdelenie-fpo/
2022-11-18 10:04:25 info: Parsing page https://shgpi.edu.ru/struktura-universiteta/f03/raspisanie/raspisanie-ochnogo-otdelenija-ffk/
2022-11-18 10:04:25 info: Parsing page https://shgpi.edu.ru/struktura-universiteta/f15/raspisanie/ochnaja-forma-obuchenija/
2022-11-18 10:04:31 info: Table Watcher has been started manually.
2022-11-18 10:04:31 info: Parsing page https://shgpi.edu.ru/struktura-universiteta/f11/raspisanie/raspisanie-uchebnykh-zanjatii-ochnaja-forma-obuchenija/
2022-11-18 10:04:31 info: Table Watcher cron has been started.
2022-11-18 10:04:31 info: Server has been started 🚀
2022-11-18 10:04:32 info: Parsing page https://shgpi.edu.ru/struktura-universiteta/f12/raspisanie/raspisanie-ochnogo-otdelenija/
2022-11-18 10:04:33 info: Parsing page https://shgpi.edu.ru/struktura-universiteta/f08/raspisanie/raspisanie-ochnogo-otdelenie-fpo/
2022-11-18 10:07:07 info: Table Watcher has been started manually.
2022-11-18 10:07:07 info: Parsing page https://shgpi.edu.ru/struktura-universiteta/f11/raspisanie/raspisanie-uchebnykh-zanjatii-ochnaja-forma-obuchenija/
2022-11-18 10:07:07 info: Table Watcher cron has been started.
2022-11-18 10:07:07 info: Server has been started 🚀
2022-11-18 10:07:08 info: Parsing page https://shgpi.edu.ru/struktura-universiteta/f12/raspisanie/raspisanie-ochnogo-otdelenija/
2022-11-18 10:07:09 info: Parsing page https://shgpi.edu.ru/struktura-universiteta/f08/raspisanie/raspisanie-ochnogo-otdelenie-fpo/
2022-11-18 10:08:32 info: Table Watcher has been started manually.
2022-11-18 10:08:32 info: Parsing page https://shgpi.edu.ru/struktura-universiteta/f11/raspisanie/raspisanie-uchebnykh-zanjatii-ochnaja-forma-obuchenija/
2022-11-18 10:08:32 info: Table Watcher cron has been started.
2022-11-18 10:08:32 info: Server has been started 🚀
2022-11-18 10:08:33 info: Parsing page https://shgpi.edu.ru/struktura-universiteta/f12/raspisanie/raspisanie-ochnogo-otdelenija/
2022-11-18 10:08:34 info: Parsing page https://shgpi.edu.ru/struktura-universiteta/f08/raspisanie/raspisanie-ochnogo-otdelenie-fpo/
2022-11-18 10:10:07 info: Table Watcher has been started manually.
2022-11-18 10:10:07 info: Parsing page https://shgpi.edu.ru/struktura-universiteta/f11/raspisanie/raspisanie-uchebnykh-zanjatii-ochnaja-forma-obuchenija/
2022-11-18 10:10:07 info: Table Watcher cron has been started.
2022-11-18 10:10:07 info: Server has been started 🚀
2022-11-18 10:10:08 info: Parsing page https://shgpi.edu.ru/struktura-universiteta/f12/raspisanie/raspisanie-ochnogo-otdelenija/
2022-11-18 10:10:09 info: Parsing page https://shgpi.edu.ru/struktura-universiteta/f08/raspisanie/raspisanie-ochnogo-otdelenie-fpo/
2022-11-18 10:10:34 info: Table Watcher has been started manually.
2022-11-18 10:10:34 info: Parsing page https://shgpi.edu.ru/struktura-universiteta/f11/raspisanie/raspisanie-uchebnykh-zanjatii-ochnaja-forma-obuchenija/
2022-11-18 10:10:34 info: Table Watcher cron has been started.
2022-11-18 10:10:34 info: Server has been started 🚀
2022-11-18 10:10:35 info: Parsing page https://shgpi.edu.ru/struktura-universiteta/f12/raspisanie/raspisanie-ochnogo-otdelenija/
2022-11-18 10:10:36 info: Parsing page https://shgpi.edu.ru/struktura-universiteta/f08/raspisanie/raspisanie-ochnogo-otdelenie-fpo/
2022-11-18 10:11:08 info: Table Watcher has been started manually.
2022-11-18 10:11:08 info: Parsing page https://shgpi.edu.ru/struktura-universiteta/f11/raspisanie/raspisanie-uchebnykh-zanjatii-ochnaja-forma-obuchenija/
2022-11-18 10:11:08 info: Table Watcher cron has been started.
2022-11-18 10:11:08 info: Server has been started 🚀
2022-11-18 10:11:09 info: Parsing page https://shgpi.edu.ru/struktura-universiteta/f12/raspisanie/raspisanie-ochnogo-otdelenija/
2022-11-18 10:11:10 info: Parsing page https://shgpi.edu.ru/struktura-universiteta/f08/raspisanie/raspisanie-ochnogo-otdelenie-fpo/
2022-11-18 10:12:03 info: Table Watcher has been started manually.
2022-11-18 10:12:03 info: Parsing page https://shgpi.edu.ru/struktura-universiteta/f11/raspisanie/raspisanie-uchebnykh-zanjatii-ochnaja-forma-obuchenija/
2022-11-18 10:12:03 info: Table Watcher cron has been started.
2022-11-18 10:12:03 info: Server has been started 🚀
2022-11-18 10:12:04 info: Parsing page https://shgpi.edu.ru/struktura-universiteta/f12/raspisanie/raspisanie-ochnogo-otdelenija/
2022-11-18 10:12:05 info: Parsing page https://shgpi.edu.ru/struktura-universiteta/f08/raspisanie/raspisanie-ochnogo-otdelenie-fpo/
2022-11-18 10:13:13 info: Table Watcher has been started manually.
2022-11-18 10:13:13 info: Parsing page https://shgpi.edu.ru/struktura-universiteta/f11/raspisanie/raspisanie-uchebnykh-zanjatii-ochnaja-forma-obuchenija/
2022-11-18 10:13:13 info: Table Watcher cron has been started.
2022-11-18 10:13:13 info: Server has been started 🚀
2022-11-18 10:13:18 info: Table Watcher has been started manually.
2022-11-18 10:13:18 info: Parsing page https://shgpi.edu.ru/struktura-universiteta/f11/raspisanie/raspisanie-uchebnykh-zanjatii-ochnaja-forma-obuchenija/
2022-11-18 10:13:18 info: Table Watcher cron has been started.
2022-11-18 10:13:18 info: Server has been started 🚀
2022-11-18 10:13:19 info: Parsing page https://shgpi.edu.ru/struktura-universiteta/f12/raspisanie/raspisanie-ochnogo-otdelenija/
2022-11-18 10:13:20 info: Parsing page https://shgpi.edu.ru/struktura-universiteta/f08/raspisanie/raspisanie-ochnogo-otdelenie-fpo/
2022-11-18 10:13:55 info: Table Watcher has been started manually.
2022-11-18 10:13:55 info: Parsing page https://shgpi.edu.ru/struktura-universiteta/f11/raspisanie/raspisanie-uchebnykh-zanjatii-ochnaja-forma-obuchenija/
2022-11-18 10:13:55 info: Table Watcher cron has been started.
2022-11-18 10:13:55 info: Server has been started 🚀
2022-11-18 10:13:56 info: Parsing page https://shgpi.edu.ru/struktura-universiteta/f12/raspisanie/raspisanie-ochnogo-otdelenija/
2022-11-18 10:13:57 info: Parsing page https://shgpi.edu.ru/struktura-universiteta/f08/raspisanie/raspisanie-ochnogo-otdelenie-fpo/
2022-11-18 10:14:13 info: Table Watcher has been started manually.
2022-11-18 10:14:13 info: Parsing page https://shgpi.edu.ru/struktura-universiteta/f11/raspisanie/raspisanie-uchebnykh-zanjatii-ochnaja-forma-obuchenija/
2022-11-18 10:14:13 info: Table Watcher cron has been started.
2022-11-18 10:14:13 info: Server has been started 🚀
2022-11-18 10:14:14 info: Parsing page https://shgpi.edu.ru/struktura-universiteta/f12/raspisanie/raspisanie-ochnogo-otdelenija/
2022-11-18 10:14:15 info: Parsing page https://shgpi.edu.ru/struktura-universiteta/f08/raspisanie/raspisanie-ochnogo-otdelenie-fpo/
2022-11-18 10:14:27 info: Table Watcher has been started manually.
2022-11-18 10:14:27 info: Parsing page https://shgpi.edu.ru/struktura-universiteta/f11/raspisanie/raspisanie-uchebnykh-zanjatii-ochnaja-forma-obuchenija/
2022-11-18 10:14:27 info: Table Watcher cron has been started.
2022-11-18 10:14:27 info: Server has been started 🚀
2022-11-18 10:14:29 info: Parsing page https://shgpi.edu.ru/struktura-universiteta/f12/raspisanie/raspisanie-ochnogo-otdelenija/
2022-11-18 10:14:30 info: Parsing page https://shgpi.edu.ru/struktura-universiteta/f08/raspisanie/raspisanie-ochnogo-otdelenie-fpo/
2022-11-18 10:17:03 info: Table Watcher has been started manually.
2022-11-18 10:17:03 info: Parsing page https://shgpi.edu.ru/struktura-universiteta/f11/raspisanie/raspisanie-uchebnykh-zanjatii-ochnaja-forma-obuchenija/
2022-11-18 10:17:03 info: Table Watcher cron has been started.
2022-11-18 10:17:03 info: Server has been started 🚀
2022-11-18 10:17:04 info: Parsing page https://shgpi.edu.ru/struktura-universiteta/f12/raspisanie/raspisanie-ochnogo-otdelenija/
2022-11-18 10:17:05 info: Parsing page https://shgpi.edu.ru/struktura-universiteta/f08/raspisanie/raspisanie-ochnogo-otdelenie-fpo/
2022-11-18 10:18:35 info: Table Watcher has been started manually.
2022-11-18 10:18:35 info: Parsing page https://shgpi.edu.ru/struktura-universiteta/f11/raspisanie/raspisanie-uchebnykh-zanjatii-ochnaja-forma-obuchenija/
2022-11-18 10:18:35 info: Table Watcher cron has been started.
2022-11-18 10:18:35 info: Server has been started 🚀
2022-11-18 10:18:36 info: Parsing page https://shgpi.edu.ru/struktura-universiteta/f12/raspisanie/raspisanie-ochnogo-otdelenija/
2022-11-18 10:18:36 info: Parsing of table 11/14_11_2022_20_11_2022.xls has been started.
2022-11-18 10:18:37 info: Parsing page https://shgpi.edu.ru/struktura-universiteta/f08/raspisanie/raspisanie-ochnogo-otdelenie-fpo/
2022-11-18 10:18:37 info: Parsing of table 12/21_11_2022_27_11_2022.xls has been started.
2022-11-18 10:18:38 info: Parsing page https://shgpi.edu.ru/struktura-universiteta/f03/raspisanie/raspisanie-ochnogo-otdelenija-ffk/
2022-11-18 10:18:38 info: Parsing of table 8/21_11_2022_27_11_2022.xls has been started.
2022-11-18 10:18:38 info: Parsing page https://shgpi.edu.ru/struktura-universiteta/f15/raspisanie/ochnaja-forma-obuchenija/
2022-11-18 10:18:38 info: Parsing of table 3/21_11_2022_27_11_2022.xls has been started.
2022-11-18 10:18:38 info: Parsing of table 15/14_11_2022_20_11_2022.xls has been started.
2022-11-18 10:18:39 info: Parsing of table 3/21_11_2022_27_11_2022.xls has been finished.
2022-11-18 10:18:39 info: Parsing of table 15/14_11_2022_20_11_2022.xls has been finished.
2022-11-18 10:18:40 info: Parsing of table 8/21_11_2022_27_11_2022.xls has been finished.
2022-11-18 10:18:41 info: Parsing of table 12/21_11_2022_27_11_2022.xls has been finished.
2022-11-18 10:18:42 info: Parsing of table 11/14_11_2022_20_11_2022.xls has been finished.
2022-11-18 10:18:58 info: Table Watcher has been started manually.
2022-11-18 10:18:58 info: Parsing page https://shgpi.edu.ru/struktura-universiteta/f11/raspisanie/raspisanie-uchebnykh-zanjatii-ochnaja-forma-obuchenija/
2022-11-18 10:18:58 info: Table Watcher cron has been started.
2022-11-18 10:18:58 info: Server has been started 🚀
2022-11-18 10:18:59 info: Parsing page https://shgpi.edu.ru/struktura-universiteta/f12/raspisanie/raspisanie-ochnogo-otdelenija/
2022-11-18 10:18:59 info: Parsing of table 11/14_11_2022_20_11_2022.xls has been started.
2022-11-18 10:19:00 info: Parsing page https://shgpi.edu.ru/struktura-universiteta/f08/raspisanie/raspisanie-ochnogo-otdelenie-fpo/
2022-11-18 10:19:00 info: Parsing page https://shgpi.edu.ru/struktura-universiteta/f11/raspisanie/raspisanie-uchebnykh-zanjatii-ochnaja-forma-obuchenija/
2022-11-18 10:19:00 info: Parsing of table 12/21_11_2022_27_11_2022.xls has been started.
2022-11-18 10:19:01 info: Parsing page https://shgpi.edu.ru/struktura-universiteta/f12/raspisanie/raspisanie-ochnogo-otdelenija/
2022-11-18 10:19:01 info: Parsing page https://shgpi.edu.ru/struktura-universiteta/f03/raspisanie/raspisanie-ochnogo-otdelenija-ffk/
2022-11-18 10:19:01 info: Parsing page https://shgpi.edu.ru/struktura-universiteta/f15/raspisanie/ochnaja-forma-obuchenija/
2022-11-18 10:19:02 info: Parsing of table 3/21_11_2022_27_11_2022.xls has been started.
2022-11-18 10:19:02 info: Parsing of table 15/14_11_2022_20_11_2022.xls has been started.
2022-11-18 10:19:02 info: Parsing of table 11/14_11_2022_20_11_2022.xls has been started.
2022-11-18 10:19:02 info: Parsing of table 8/21_11_2022_27_11_2022.xls has been started.
2022-11-18 10:19:02 info: Parsing page https://shgpi.edu.ru/struktura-universiteta/f08/raspisanie/raspisanie-ochnogo-otdelenie-fpo/
2022-11-18 10:19:03 info: Parsing of table 12/21_11_2022_27_11_2022.xls has been started.
2022-11-18 10:19:03 info: Parsing page https://shgpi.edu.ru/struktura-universiteta/f03/raspisanie/raspisanie-ochnogo-otdelenija-ffk/
2022-11-18 10:19:03 info: Parsing page https://shgpi.edu.ru/struktura-universiteta/f15/raspisanie/ochnaja-forma-obuchenija/
2022-11-18 10:19:04 info: Parsing of table 8/21_11_2022_27_11_2022.xls has been started.
2022-11-18 10:19:04 info: Parsing of table 3/21_11_2022_27_11_2022.xls has been started.
2022-11-18 10:19:04 info: Parsing of table 15/14_11_2022_20_11_2022.xls has been started.
2022-11-18 10:19:06 info: Parsing of table 3/21_11_2022_27_11_2022.xls has been finished.
2022-11-18 10:19:06 info: Parsing of table 8/21_11_2022_27_11_2022.xls has been finished.
2022-11-18 10:19:07 info: Parsing of table 11/14_11_2022_20_11_2022.xls has been finished.
2022-11-18 10:19:07 info: Parsing of table 15/14_11_2022_20_11_2022.xls has been finished.
2022-11-18 10:19:07 info: Parsing of table 3/21_11_2022_27_11_2022.xls has been finished.
2022-11-18 10:19:08 info: Parsing of table 15/14_11_2022_20_11_2022.xls has been finished.
2022-11-18 10:19:10 info: Parsing of table 8/21_11_2022_27_11_2022.xls has been finished.
2022-11-18 10:19:11 info: Parsing of table 12/21_11_2022_27_11_2022.xls has been finished.
2022-11-18 10:19:15 info: Parsing of table 12/21_11_2022_27_11_2022.xls has been finished.
2022-11-18 10:19:15 info: Parsing of table 11/14_11_2022_20_11_2022.xls has been finished.
2022-11-19 16:29:35 info: Table Watcher has been started manually.
2022-11-19 16:29:35 info: Parsing page https://shgpi.edu.ru/struktura-universiteta/f11/raspisanie/raspisanie-uchebnykh-zanjatii-ochnaja-forma-obuchenija/
2022-11-19 16:29:35 info: Table Watcher cron has been started.
2022-11-19 16:29:35 info: Server has been started 🚀
2022-11-19 16:29:36 info: Parsing page https://shgpi.edu.ru/struktura-universiteta/f12/raspisanie/raspisanie-ochnogo-otdelenija/
2022-11-19 16:29:37 info: Parsing page https://shgpi.edu.ru/struktura-universiteta/f08/raspisanie/raspisanie-ochnogo-otdelenie-fpo/
2022-11-19 16:29:37 info: Parsing of table 12/21_11_2022_27_11_2022.xls has been started.
2022-11-19 16:29:38 info: Parsing page https://shgpi.edu.ru/struktura-universiteta/f03/raspisanie/raspisanie-ochnogo-otdelenija-ffk/
2022-11-19 16:29:38 info: Parsing page https://shgpi.edu.ru/struktura-universiteta/f15/raspisanie/ochnaja-forma-obuchenija/
2022-11-19 16:29:38 info: Parsing of table 8/21_11_2022_27_11_2022.xls has been started.
2022-11-19 16:29:38 info: Parsing of table 3/21_11_2022_27_11_2022.xls has been started.
2022-11-19 16:31:05 info: Table Watcher has been started manually.
2022-11-19 16:31:05 info: Parsing page https://shgpi.edu.ru/struktura-universiteta/f11/raspisanie/raspisanie-uchebnykh-zanjatii-ochnaja-forma-obuchenija/
2022-11-19 16:31:05 info: Table Watcher cron has been started.
2022-11-19 16:31:05 info: Server has been started 🚀
2022-11-19 16:31:06 info: Parsing page https://shgpi.edu.ru/struktura-universiteta/f12/raspisanie/raspisanie-ochnogo-otdelenija/
2022-11-19 16:31:07 info: Parsing page https://shgpi.edu.ru/struktura-universiteta/f08/raspisanie/raspisanie-ochnogo-otdelenie-fpo/
2022-11-19 16:31:07 info: Parsing of table 12/21_11_2022_27_11_2022.xls has been started.
2022-11-19 16:31:08 info: Parsing page https://shgpi.edu.ru/struktura-universiteta/f03/raspisanie/raspisanie-ochnogo-otdelenija-ffk/
2022-11-19 16:31:08 info: Parsing of table 8/21_11_2022_27_11_2022.xls has been started.
2022-11-19 16:31:08 info: Parsing page https://shgpi.edu.ru/struktura-universiteta/f15/raspisanie/ochnaja-forma-obuchenija/
2022-11-19 16:31:08 info: Parsing of table 3/21_11_2022_27_11_2022.xls has been started.
2022-11-19 16:32:31 info: Table Watcher has been started manually.
2022-11-19 16:32:31 info: Parsing page https://shgpi.edu.ru/struktura-universiteta/f11/raspisanie/raspisanie-uchebnykh-zanjatii-ochnaja-forma-obuchenija/
2022-11-19 16:32:31 info: Table Watcher cron has been started.
2022-11-19 16:32:31 info: Server has been started 🚀
2022-11-19 16:32:32 info: Parsing page https://shgpi.edu.ru/struktura-universiteta/f12/raspisanie/raspisanie-ochnogo-otdelenija/
2022-11-19 16:32:33 info: Parsing page https://shgpi.edu.ru/struktura-universiteta/f08/raspisanie/raspisanie-ochnogo-otdelenie-fpo/
2022-11-19 16:32:33 info: Parsing of table 12/21_11_2022_27_11_2022.xls has been started.
2022-11-19 16:32:34 info: Parsing page https://shgpi.edu.ru/struktura-universiteta/f03/raspisanie/raspisanie-ochnogo-otdelenija-ffk/
2022-11-19 16:32:34 info: Parsing of table 8/21_11_2022_27_11_2022.xls has been started.
2022-11-19 16:32:34 info: Parsing page https://shgpi.edu.ru/struktura-universiteta/f15/raspisanie/ochnaja-forma-obuchenija/
2022-11-19 16:32:34 info: Parsing of table 3/21_11_2022_27_11_2022.xls has been started.
2022-11-19 16:33:51 info: Table Watcher has been started manually.
2022-11-19 16:33:51 info: Parsing page https://shgpi.edu.ru/struktura-universiteta/f11/raspisanie/raspisanie-uchebnykh-zanjatii-ochnaja-forma-obuchenija/
2022-11-19 16:33:51 info: Table Watcher cron has been started.
2022-11-19 16:33:51 info: Server has been started 🚀
2022-11-19 16:33:52 info: Parsing page https://shgpi.edu.ru/struktura-universiteta/f12/raspisanie/raspisanie-ochnogo-otdelenija/
2022-11-19 16:33:53 info: Parsing of table 11/21_11_2022_27_11_2022.xls has been started.
2022-11-19 16:33:53 info: Parsing page https://shgpi.edu.ru/struktura-universiteta/f08/raspisanie/raspisanie-ochnogo-otdelenie-fpo/
2022-11-19 16:33:53 info: Parsing of table 12/21_11_2022_27_11_2022.xls has been started.
2022-11-19 16:33:54 info: Parsing page https://shgpi.edu.ru/struktura-universiteta/f03/raspisanie/raspisanie-ochnogo-otdelenija-ffk/
2022-11-19 16:33:54 info: Parsing of table 8/21_11_2022_27_11_2022.xls has been started.
2022-11-19 16:33:54 info: Parsing page https://shgpi.edu.ru/struktura-universiteta/f15/raspisanie/ochnaja-forma-obuchenija/
2022-11-19 16:33:55 info: Parsing of table 3/21_11_2022_27_11_2022.xls has been started.
2022-11-19 16:33:55 info: Parsing of table 15/21_11_2022_27_11_2022.xls has been started.
2022-11-19 16:33:55 info: Parsing of table 3/21_11_2022_27_11_2022.xls has been finished.
2022-11-19 16:33:56 info: Parsing of table 15/21_11_2022_27_11_2022.xls has been finished.
2022-11-19 16:33:58 info: Parsing of table 8/21_11_2022_27_11_2022.xls has been finished.
2022-11-19 16:34:00 info: Parsing of table 12/21_11_2022_27_11_2022.xls has been finished.
2022-11-19 16:34:00 info: Parsing of table 11/21_11_2022_27_11_2022.xls has been finished.
2022-11-19 16:34:00 info: Parsing page https://shgpi.edu.ru/struktura-universiteta/f11/raspisanie/raspisanie-uchebnykh-zanjatii-ochnaja-forma-obuchenija/
2022-11-19 16:34:01 info: Parsing page https://shgpi.edu.ru/struktura-universiteta/f12/raspisanie/raspisanie-ochnogo-otdelenija/
2022-11-19 16:34:02 info: Parsing of table 11/21_11_2022_27_11_2022.xls has been started.
2022-11-19 16:34:02 info: Parsing page https://shgpi.edu.ru/struktura-universiteta/f08/raspisanie/raspisanie-ochnogo-otdelenie-fpo/
2022-11-19 16:34:02 info: Parsing of table 12/21_11_2022_27_11_2022.xls has been started.
2022-11-19 16:34:03 info: Parsing page https://shgpi.edu.ru/struktura-universiteta/f03/raspisanie/raspisanie-ochnogo-otdelenija-ffk/
2022-11-19 16:34:03 info: Parsing of table 8/21_11_2022_27_11_2022.xls has been started.
2022-11-19 16:34:03 info: Parsing page https://shgpi.edu.ru/struktura-universiteta/f15/raspisanie/ochnaja-forma-obuchenija/
2022-11-19 16:34:04 info: Parsing of table 3/21_11_2022_27_11_2022.xls has been started.
2022-11-19 16:34:04 info: Parsing of table 15/21_11_2022_27_11_2022.xls has been started.
2022-11-19 16:34:04 info: Parsing of table 3/21_11_2022_27_11_2022.xls has been finished.
2022-11-19 16:34:04 info: Parsing of table 15/21_11_2022_27_11_2022.xls has been finished.
2022-11-19 16:34:05 info: Parsing of table 8/21_11_2022_27_11_2022.xls has been finished.
2022-11-19 16:34:06 info: Parsing of table 11/21_11_2022_27_11_2022.xls has been finished.
2022-11-19 16:34:06 info: Parsing of table 12/21_11_2022_27_11_2022.xls has been finished.
2022-11-19 16:36:33 info: Table Watcher has been started manually.
2022-11-19 16:36:33 info: Parsing page https://shgpi.edu.ru/struktura-universiteta/f11/raspisanie/raspisanie-uchebnykh-zanjatii-ochnaja-forma-obuchenija/
2022-11-19 16:36:33 info: Table Watcher cron has been started.
2022-11-19 16:36:33 info: Server has been started 🚀
2022-11-19 16:36:34 info: Parsing page https://shgpi.edu.ru/struktura-universiteta/f12/raspisanie/raspisanie-ochnogo-otdelenija/
2022-11-19 16:36:34 info: Parsing of table 11/21_11_2022_27_11_2022.xls has been started.
2022-11-19 16:36:35 info: Parsing page https://shgpi.edu.ru/struktura-universiteta/f08/raspisanie/raspisanie-ochnogo-otdelenie-fpo/
2022-11-19 16:36:35 info: Parsing of table 12/21_11_2022_27_11_2022.xls has been started.
2022-11-19 16:36:36 info: Parsing page https://shgpi.edu.ru/struktura-universiteta/f03/raspisanie/raspisanie-ochnogo-otdelenija-ffk/
2022-11-19 16:36:36 info: Parsing of table 8/21_11_2022_27_11_2022.xls has been started.
2022-11-19 16:36:36 info: Parsing page https://shgpi.edu.ru/struktura-universiteta/f15/raspisanie/ochnaja-forma-obuchenija/
2022-11-19 16:36:36 info: Parsing of table 3/21_11_2022_27_11_2022.xls has been started.
2022-11-19 16:36:36 info: Parsing of table 15/21_11_2022_27_11_2022.xls has been started.
